20221201	09:28:15	027160d1-ec13-487c-bb1a-ff283b5bdad7	POST	/upload	http://localhost:3000
20221201	09:28:15	e9763f1b-fe50-4997-b3f7-2b1bf968dfaa	GET	/uploads/image%2029.png	undefined
20221201	09:28:31	87d975ac-70eb-404f-b39f-32347378b865	POST	/auth/register	http://localhost:3000
20221201	09:32:28	6da0bead-b457-4364-a7bf-233331c6db6e	GET	/auth/refresh	http://localhost:3000
20221201	09:32:30	5947b4db-0faa-42f3-8276-e8d2d76a0675	POST	/auth/logout	http://localhost:3000
20221201	09:32:50	7c27a554-7246-4df3-a65c-20cdeb571fc7	POST	/auth/login	http://localhost:3000
20221201	09:34:01	297d464a-32ca-41b0-94e6-1e10f727ab64	POST	/auth/logout	http://localhost:3000
20221201	09:34:09	69011c73-4d43-4461-afcc-57ff61a46adc	POST	/auth/login	http://localhost:3000
20221201	09:35:12	8e0719f2-278a-431b-a0e8-d78190dcdfad	POST	/auth/login	http://localhost:3000
20221201	09:40:00	a85062ec-a2d8-4a0d-96a2-cf7cb35039e1	POST	/auth/logout	http://localhost:3000
20221201	09:40:13	4e5b6aa7-a351-4344-9afe-2a34f06b28ad	POST	/auth/login	http://localhost:3000
20221201	09:42:11	952de374-633e-4e31-9a6f-8a57a2d06442	POST	/auth/logout	http://localhost:3000
20221201	09:42:25	0d2c75f0-0cd5-42e8-a180-80635485de26	POST	/upload	http://localhost:3000
20221201	09:42:25	541b4a05-a98e-4578-9cb0-72424f3ebba1	GET	/uploads/image%2029.png	undefined
20221201	09:42:26	89c3eaa1-0ca4-48cc-96fb-9fc0714c8fac	POST	/auth/register	http://localhost:3000
20221201	09:43:02	3e27fdbc-a175-438c-98c9-17f67441c355	POST	/auth/register	http://localhost:3000
20221201	09:43:41	9e449946-5ca9-4e81-bbbf-9fa6bb1e0ea2	POST	/auth/logout	http://localhost:3000
20221201	09:51:09	210e50f5-8d3f-4337-bbea-c0a19e3084e8	POST	/upload	http://localhost:3000
20221201	09:51:09	36e631cd-7c99-41ae-92c0-c6f080f10400	GET	/uploads/avatar5.png	undefined
20221201	09:51:12	1793e8eb-b514-493b-8dca-d0e4c28c09b2	POST	/auth/register	http://localhost:3000
20221201	09:52:58	c7443908-cfe6-4089-89f0-30e20d73a1bc	POST	/upload	http://localhost:3000
20221201	09:52:58	c8f6d162-7940-4d8c-9514-b45ac9b4c0c6	GET	/uploads/photo-1543373014-cfe4f4bc1cdf.jfif	undefined
20221201	09:53:04	fb204bba-fe72-45f8-96db-b6110ba429f5	POST	/posts/create	http://localhost:3000
20221201	09:54:38	9bcae21a-a843-47ac-a567-fd1799ac38e5	POST	/upload	http://localhost:3000
20221201	09:54:39	0eb9ff54-d901-41fc-a8ab-6915d7e77380	POST	/posts/create	http://localhost:3000
20221201	09:54:51	675dfa34-41a5-40e5-9b42-8a1e69fc5d4c	GET	/posts	http://localhost:3000
20221201	09:54:55	47b32d3d-7cbd-4b7a-9590-00b62684925e	GET	/posts/63885dbfdbc6832a7dcda3c1	http://localhost:3000
20221201	09:55:02	c01a8fd4-cafc-4f55-a155-b439a471fc02	GET	/posts	http://localhost:3000
20221201	09:55:18	fb037aa8-8cf9-47eb-851f-d878b29f1900	POST	/upload	http://localhost:3000
20221201	09:55:19	f2a01575-5c60-4240-be3b-88ebcb52e6e3	GET	/uploads/benchakitti-park-bangkok-thailand-this-260nw-242866975.webp	undefined
20221201	09:55:20	3eb95b69-3117-4766-b248-11f7d6b5380f	POST	/posts/create	http://localhost:3000
20221201	09:55:41	bb7fc9dd-7eac-4b83-9a13-2384cf8a221b	GET	/posts	http://localhost:3000
20221201	10:25:17	b07fcc9f-1062-4010-9c89-202d02c63ecf	GET	/auth/refresh	http://localhost:3000
20221201	10:25:17	5b03a5ed-22c8-4c64-83e0-d6f3a57ef296	GET	/posts	http://localhost:3000
20221201	10:25:17	b6e57fb2-3bd8-4ed2-a0f3-1b4becbaeed6	GET	/uploads/photo-1543373014-cfe4f4bc1cdf.jfif	undefined
20221201	10:25:17	ada0bcbf-8c0a-461a-91d7-df4903c175a0	GET	/uploads/benchakitti-park-bangkok-thailand-this-260nw-242866975.webp	undefined
20221201	10:28:50	5138b217-cc0c-40e3-8a99-86ff789b5012	GET	/auth/refresh	http://localhost:3000
20221201	10:28:50	f1d90b2d-6597-4cdd-a852-7d85cb5441a6	GET	/posts	http://localhost:3000
20221201	10:28:50	2526df2d-6c90-4ab5-87b6-197ad239641f	GET	/uploads/photo-1543373014-cfe4f4bc1cdf.jfif	undefined
20221201	10:28:50	3d8b339f-4647-4eec-b307-4b8918114d0b	GET	/uploads/benchakitti-park-bangkok-thailand-this-260nw-242866975.webp	undefined
20221201	10:29:33	b732fa69-1b5e-4990-8209-c49dca4315ba	GET	/auth/refresh	http://localhost:3000
20221201	10:29:34	94257617-8167-4239-8b8d-57901ee8ecea	GET	/posts	http://localhost:3000
20221201	10:29:34	5296c993-76b8-4489-943b-37764084dec2	GET	/uploads/photo-1543373014-cfe4f4bc1cdf.jfif	undefined
20221201	10:29:34	e99b4c92-24ae-4886-9fa3-328fa10b22e7	GET	/uploads/benchakitti-park-bangkok-thailand-this-260nw-242866975.webp	undefined
20221201	10:32:02	a33614bb-2775-4923-b291-754259544dcd	GET	/auth/refresh	http://localhost:3000
20221201	10:32:02	797225f9-c62e-4fdf-84be-002249d1bea6	GET	/posts	http://localhost:3000
20221201	10:32:03	4d9fd776-4a00-4652-aff6-624f373bc119	GET	/uploads/photo-1543373014-cfe4f4bc1cdf.jfif	undefined
20221201	10:32:03	9625cc09-aa4a-4fab-98d3-3fbeb10d4ac6	GET	/uploads/benchakitti-park-bangkok-thailand-this-260nw-242866975.webp	undefined
20221201	10:36:06	1cefab9f-a59b-4f68-93dc-5934d560dde2	GET	/auth/refresh	http://localhost:3000
20221201	10:36:06	f94ed699-39f4-40fb-b531-cb4630269901	GET	/posts	http://localhost:3000
20221201	10:36:06	96de8ece-66df-4bbe-8cb5-f3b0cb5cc51e	GET	/uploads/photo-1543373014-cfe4f4bc1cdf.jfif	undefined
20221201	10:36:06	389de481-3c86-4c95-a11f-183e3fe433eb	GET	/uploads/benchakitti-park-bangkok-thailand-this-260nw-242866975.webp	undefined
20221201	10:37:07	59743373-817b-4099-a82a-c273bdb02a4f	GET	/auth/refresh	http://localhost:3000
20221201	10:37:07	5a356ea5-72db-4a04-b701-d584e5e3d5e2	GET	/posts	http://localhost:3000
20221201	10:37:07	bf6695f5-e98c-4c17-89d6-ad2fd2c78c08	GET	/uploads/photo-1543373014-cfe4f4bc1cdf.jfif	undefined
20221201	10:37:07	761d6ae6-e116-4dbc-967e-eaa4a67fe23e	GET	/uploads/benchakitti-park-bangkok-thailand-this-260nw-242866975.webp	undefined
20221201	10:38:52	619a07e9-126c-4775-9eef-cc8e299c09eb	GET	/auth/refresh	http://localhost:3000
20221201	10:38:52	6b11a532-1f37-4a40-b615-086ad921f820	GET	/posts	http://localhost:3000
20221201	10:38:53	3590407a-e735-4e2f-81f2-fd8dec3082fc	GET	/uploads/photo-1543373014-cfe4f4bc1cdf.jfif	undefined
20221201	10:38:53	94a8b08a-681d-4e1d-a14f-45bfab7e0d12	GET	/uploads/benchakitti-park-bangkok-thailand-this-260nw-242866975.webp	undefined
20221201	10:40:04	49d65a84-4a4d-416c-93b8-e1619695549f	GET	/auth/refresh	http://localhost:3000
20221201	10:40:04	e17274ea-3890-4a6a-8d27-0710d33f2846	GET	/posts	http://localhost:3000
20221201	10:40:05	a988e233-0349-4f4e-907d-d63d428006f8	GET	/uploads/photo-1543373014-cfe4f4bc1cdf.jfif	undefined
20221201	10:40:05	d7fc91af-5409-4a5e-9d3b-2eb750bf0267	GET	/uploads/benchakitti-park-bangkok-thailand-this-260nw-242866975.webp	undefined
20221201	10:40:07	ad54f222-8aab-4abe-b15b-d2bcef3f447f	GET	/posts/like/63885dbfdbc6832a7dcda3c1	http://localhost:3000
20221201	10:40:52	f4f30eb1-715c-4b5d-b105-1fdd807fdf52	GET	/auth/refresh	http://localhost:3000
20221201	10:40:52	d82e33b6-3562-412e-b13a-505fed8b7bab	GET	/posts	http://localhost:3000
20221201	10:40:53	559d75d4-4625-46f0-854d-7fe4e50608bc	GET	/uploads/photo-1543373014-cfe4f4bc1cdf.jfif	undefined
20221201	10:40:53	f9845169-006e-45bd-b80e-0c97764c35a9	GET	/uploads/benchakitti-park-bangkok-thailand-this-260nw-242866975.webp	undefined
20221201	10:40:57	156b9c4d-ad1f-4a7f-ae15-99ad351efcd5	GET	/auth/refresh	http://localhost:3000
20221201	10:40:57	c57f0acb-93a9-434a-8dea-7daac7b1244b	GET	/posts	http://localhost:3000
20221201	10:40:58	b0f81c1b-9e98-432b-9d14-6623b760f9aa	GET	/uploads/photo-1543373014-cfe4f4bc1cdf.jfif	undefined
20221201	10:40:58	cb3f721f-b582-4608-8dab-d7e9f0b2a96c	GET	/uploads/benchakitti-park-bangkok-thailand-this-260nw-242866975.webp	undefined
20221201	10:41:31	b0e0ed6d-f9a6-42c3-96cd-6d92796cc4fe	POST	/auth/login	http://localhost:3000
20221201	10:41:59	e75b264f-c36b-4526-9424-81722b9020fc	GET	/auth/refresh	http://localhost:3000
20221201	10:41:59	02c40bf1-d988-4a5b-81e4-58ff259b9d75	GET	/posts	http://localhost:3000
20221201	10:41:59	b426e6c9-24bf-4602-826f-317239a915bc	GET	/uploads/avatar5.png	undefined
20221201	10:42:00	a2b25c70-f9a9-4de4-aacd-727f83272cb1	GET	/uploads/photo-1543373014-cfe4f4bc1cdf.jfif	undefined
20221201	10:42:00	31eb5a30-96ce-4d01-afe6-1f72aa2b7d7b	GET	/uploads/benchakitti-park-bangkok-thailand-this-260nw-242866975.webp	undefined
20221201	10:42:04	b7cba697-ef4c-4bf3-a5b4-16d2b49d1d45	GET	/posts/like/63885dbfdbc6832a7dcda3c1	http://localhost:3000
20221201	10:43:31	7ef32054-1681-4224-8dc7-84681f0e55cd	POST	/posts/create	http://localhost:3000
20221201	10:43:33	946bf9cb-c56d-40ae-8156-03a86aba4374	GET	/uploads/photo-1543373014-cfe4f4bc1cdf.jfif	undefined
20221201	10:43:33	3fcc5712-15d5-4672-acae-6c63e09b91ed	GET	/posts	http://localhost:3000
20221201	10:43:33	66c7d688-f425-4e8f-847f-b2ac30a4f82e	GET	/uploads/benchakitti-park-bangkok-thailand-this-260nw-242866975.webp	undefined
20221201	10:51:04	d8f39aa6-13a3-4d09-a94d-4428c5d13f90	GET	/posts/like/63885dbfdbc6832a7dcda3c1	http://localhost:3000
20221201	10:52:47	05a1f567-18ee-421a-a831-0dd6e32256d4	GET	/auth/refresh	http://localhost:3000
20221201	10:52:47	c96007d2-0126-4227-8b34-12e0635b90c1	GET	/posts	http://localhost:3000
20221201	10:52:47	1e1203df-24da-424a-bd8e-371a4127f82b	GET	/uploads/photo-1543373014-cfe4f4bc1cdf.jfif	undefined
20221201	10:52:47	ef2514eb-940c-4b49-b4d0-0ccc661cb399	GET	/uploads/benchakitti-park-bangkok-thailand-this-260nw-242866975.webp	undefined
20221201	10:52:48	ab024b02-506e-4663-a193-d1a90ab48b3a	GET	/uploads/avatar5.png	undefined
20221201	10:57:18	aa3c0a57-f4a2-4aa7-bf87-5b9b3aa40cf5	GET	/auth/refresh	http://localhost:3000
20221201	10:57:18	7b3316cd-ac7b-463d-849b-cac4285dd8bb	GET	/posts	http://localhost:3000
20221201	10:57:18	5a3d03c0-1d74-487c-b8cb-1d10e8c415d6	GET	/uploads/photo-1543373014-cfe4f4bc1cdf.jfif	undefined
20221201	10:57:18	ce691294-e32e-48c6-a451-ebeb7011902b	GET	/uploads/benchakitti-park-bangkok-thailand-this-260nw-242866975.webp	undefined
20221201	10:57:19	39ed591d-73ad-4327-bc3f-ed0170c6b32c	GET	/uploads/avatar5.png	undefined
20221201	10:57:20	6398af3c-9c1b-4858-8aa3-5e49f7839497	GET	/posts/like/63885dbfdbc6832a7dcda3c1	http://localhost:3000
20221201	10:58:47	05878871-b1d5-4b9e-8fc6-cb7985c41ea7	GET	/auth/refresh	http://localhost:3000
20221201	10:58:47	3c93df6a-fd0c-400e-9c05-55e60f7e9121	GET	/posts	http://localhost:3000
20221201	10:58:47	0644fa55-e96b-45d7-9377-516bf2be9322	GET	/uploads/photo-1543373014-cfe4f4bc1cdf.jfif	undefined
20221201	10:58:47	733ec16a-5d94-44f8-ad49-7b5b26cd953f	GET	/uploads/benchakitti-park-bangkok-thailand-this-260nw-242866975.webp	undefined
20221201	10:58:48	a3a5f919-2053-4d16-9aa8-8c1af0ab659f	GET	/uploads/avatar5.png	undefined
20221201	10:58:49	cddda649-b536-428d-a482-9be1bdf9555e	GET	/posts/like/63885dbfdbc6832a7dcda3c1	http://localhost:3000
20221201	10:59:38	6180d5e0-61f4-4fb2-9200-997fe2821e8e	GET	/posts/like/63885dbfdbc6832a7dcda3c1	http://localhost:3000
20221201	11:01:25	76f284e3-98c4-4dde-842c-90dd37ea1e39	GET	/auth/refresh	http://localhost:3000
20221201	11:01:25	c27dece2-28e0-4bd1-8b52-d42eeda1101e	GET	/posts	http://localhost:3000
20221201	11:01:25	e2088544-96e8-4666-8ad6-1b894a22f61a	GET	/uploads/photo-1543373014-cfe4f4bc1cdf.jfif	undefined
20221201	11:01:25	199b238c-ec9b-45e4-a5a1-ba24613c8148	GET	/uploads/benchakitti-park-bangkok-thailand-this-260nw-242866975.webp	undefined
20221201	11:01:25	68b84aa1-80f6-473e-aea1-bfb5fc808c3d	GET	/uploads/avatar5.png	undefined
20221201	11:01:29	7cb185bc-fb7b-422c-83a0-2821a3647866	POST	/posts/like/63885dbfdbc6832a7dcda3c1	http://localhost:3000
20221201	11:01:36	54b68801-2452-49d0-a49d-af18a7ed3be6	GET	/auth/refresh	http://localhost:3000
20221201	11:01:36	1f17a794-1cfd-49b7-8e99-bfacadfb3493	GET	/posts	http://localhost:3000
20221201	11:01:36	ec17474c-08dc-4f48-831a-6a92e48074ec	GET	/uploads/photo-1543373014-cfe4f4bc1cdf.jfif	undefined
20221201	11:01:36	b5ee95b9-7e32-4222-a63c-f6f8e2bb9608	GET	/uploads/benchakitti-park-bangkok-thailand-this-260nw-242866975.webp	undefined
20221201	11:01:36	05c0906f-1548-45fb-b029-a648cc98d452	GET	/uploads/avatar5.png	undefined
20221201	11:01:54	eca367ab-4805-4c26-a9df-f932f80c46ad	POST	/posts/like/63885dbfdbc6832a7dcda3c1	http://localhost:3000
20221201	11:02:00	69af88a2-38ed-4e75-997e-f9f3180d993e	GET	/auth/refresh	http://localhost:3000
20221201	11:02:00	28fba9e1-ee55-4ef3-a81d-2a582a9314ad	GET	/posts	http://localhost:3000
20221201	11:02:00	1175edb1-27e0-4be5-992b-2e61e46d7b8b	GET	/uploads/photo-1543373014-cfe4f4bc1cdf.jfif	undefined
20221201	11:02:00	285aabf8-98a1-4e56-8399-3bebcc11e228	GET	/uploads/benchakitti-park-bangkok-thailand-this-260nw-242866975.webp	undefined
20221201	11:02:00	47f1691b-1db2-45b6-990c-38aa416b3d9f	GET	/uploads/avatar5.png	undefined
20221201	11:17:40	d68bb02b-6e66-48a1-b9be-3ba28cd96046	POST	/posts/like/63885dbfdbc6832a7dcda3c1	http://localhost:3000
20221201	11:18:40	51e86e20-5152-467c-a8f3-e96a7e8cd168	POST	/posts/like/63885dbfdbc6832a7dcda3c1	http://localhost:3000
20221201	11:19:18	3f996fb4-706e-421c-85cc-8e1205dbf4b0	GET	/auth/refresh	http://localhost:3000
20221201	11:19:18	582a4bbb-960a-4834-87a9-75b6213682ec	GET	/posts	http://localhost:3000
20221201	11:19:18	d4553aef-5d5f-4744-a526-4faf2a79814b	GET	/uploads/photo-1543373014-cfe4f4bc1cdf.jfif	undefined
20221201	11:19:18	3c8aba41-a5d8-4e94-80fc-183d6c6dd56e	GET	/uploads/benchakitti-park-bangkok-thailand-this-260nw-242866975.webp	undefined
20221201	11:19:18	0e11c3ad-ca88-466b-90e1-0c1a41536fee	GET	/uploads/avatar5.png	undefined
20221201	11:19:40	b96fbb34-86c6-40c6-be16-1a9da3383e62	POST	/posts/like/63885de8dbc6832a7dcda3ca	http://localhost:3000
20221201	11:19:42	d50ab332-f85b-4574-af8b-5043f52f5749	GET	/auth/refresh	http://localhost:3000
20221201	11:19:42	042ed863-9559-46ed-97ff-bc701766cca0	GET	/posts	http://localhost:3000
20221201	11:19:42	b1077eac-f105-4742-b717-05ac774c84d0	GET	/uploads/photo-1543373014-cfe4f4bc1cdf.jfif	undefined
20221201	11:19:42	b93d0c93-2168-44fe-a63d-0c0e48070213	GET	/uploads/benchakitti-park-bangkok-thailand-this-260nw-242866975.webp	undefined
20221201	11:19:42	916783bb-a5e0-4861-9840-a0d1486dbf7e	GET	/uploads/avatar5.png	undefined
20221201	11:30:10	8263e723-b2bb-4f81-9db3-0aa7a07ef0dd	GET	/auth/refresh	http://localhost:3000
20221201	11:30:10	9373948b-05a8-42ac-a7d1-62f84871796d	GET	/posts	http://localhost:3000
20221201	11:30:10	08b6659e-81d8-4299-959f-389a8df46a90	GET	/uploads/photo-1543373014-cfe4f4bc1cdf.jfif	undefined
20221201	11:30:10	ab695090-4c7d-4d37-8c59-8bd75021956e	GET	/uploads/benchakitti-park-bangkok-thailand-this-260nw-242866975.webp	undefined
20221201	11:30:11	7f261455-45a3-4357-9f6c-cd4aec350d7e	GET	/uploads/avatar5.png	undefined
20221201	11:30:14	f8dade3c-7ef4-493d-bcde-f2c30bdae874	GET	/auth/refresh	http://localhost:3000
20221201	11:30:14	9884f7cb-27f6-4cbe-8f70-794f47834e80	GET	/posts	http://localhost:3000
20221201	11:30:14	a741f73f-b3fe-401c-bf59-772f53969c54	GET	/uploads/photo-1543373014-cfe4f4bc1cdf.jfif	undefined
20221201	11:30:14	7597939d-fa66-4f75-b9cf-4b91e2ca967d	GET	/uploads/benchakitti-park-bangkok-thailand-this-260nw-242866975.webp	undefined
20221201	11:30:14	8f60dfca-5219-4122-a997-434100452088	GET	/uploads/avatar5.png	undefined
20221201	11:30:16	4b3d6b02-d888-4632-b611-9a1fb834f5d9	POST	/posts/dislike/63885dbfdbc6832a7dcda3c1	http://localhost:3000
20221201	11:30:18	9ae1fd21-1cfa-4ec0-b9f3-1484d8abfcb6	POST	/posts/dislike/63885de8dbc6832a7dcda3ca	http://localhost:3000
20221201	11:30:19	3bb3ef46-52e1-46f8-a9bd-c205b38e6e47	GET	/auth/refresh	http://localhost:3000
20221201	11:30:19	56bc7b49-9a23-45e0-9d9d-72563f6f1fc8	GET	/posts	http://localhost:3000
20221201	11:30:19	6d54b67b-342b-4758-b8a1-4e1db4e6db6f	GET	/uploads/photo-1543373014-cfe4f4bc1cdf.jfif	undefined
20221201	11:30:19	2ed5e85a-294b-4051-803c-4ec2f989b5ac	GET	/uploads/benchakitti-park-bangkok-thailand-this-260nw-242866975.webp	undefined
20221201	11:30:20	ed762794-fa1a-4aa9-9962-39f0cb599768	GET	/uploads/avatar5.png	undefined
20221201	11:30:33	d11bbf7e-0eda-4843-aff2-227b53d7d9ce	GET	/auth/refresh	http://localhost:3000
20221201	11:30:33	476d3e92-3dbc-48b7-8ce5-e59fbf8992ab	GET	/posts	http://localhost:3000
20221201	11:30:33	56f2ce21-fa5f-4a60-975e-ae81c6cfe308	GET	/uploads/photo-1543373014-cfe4f4bc1cdf.jfif	undefined
20221201	11:30:33	f28e665f-9370-4d1c-956d-53e7795eb736	GET	/uploads/benchakitti-park-bangkok-thailand-this-260nw-242866975.webp	undefined
20221201	11:30:33	6cbaf236-efa2-453f-b5e0-46c8f468cf8c	GET	/uploads/avatar5.png	undefined
20221201	11:40:18	1d39c312-a65e-4989-92fe-bf8ceab354fe	GET	/auth/refresh	http://localhost:3000
20221201	11:40:18	80552a77-4c8a-49a3-935b-7dab00086d09	GET	/posts	http://localhost:3000
20221201	11:41:25	aa52430c-d968-4ec6-a739-4abbe95b88cd	GET	/posts/63885dbfdbc6832a7dcda3c1	http://localhost:3000
20221201	11:41:26	cd46b774-96ab-434b-b97f-990d40de96e7	GET	/posts	http://localhost:3000
20221201	11:42:39	95fbafc5-133e-41d4-98b6-aa0d1a64a007	GET	/posts/63885dbfdbc6832a7dcda3c1	http://localhost:3000
20221201	11:42:41	75228860-86af-443f-afa5-8046fb3a6679	GET	/posts	http://localhost:3000
20221201	11:49:10	bef1184d-fa32-436e-b569-70622ad158d0	GET	/auth/refresh	http://localhost:3000
20221201	11:49:10	45f74035-67f3-4b8e-93c9-4cfcf73da05f	GET	/posts	http://localhost:3000
20221201	11:51:18	8b175aa9-e063-4937-bb00-72c84d69a366	GET	/auth/refresh	http://localhost:3000
20221201	11:51:18	0c0c4d38-4421-48cd-a4f9-a858ef122b86	GET	/posts	http://localhost:3000
20221201	11:51:19	50ddfb85-0e21-4095-bb13-6f87c3669fe7	GET	/uploads/photo-1543373014-cfe4f4bc1cdf.jfif	undefined
20221201	11:51:19	01225931-efce-4761-8513-f3af06cce85c	GET	/uploads/benchakitti-park-bangkok-thailand-this-260nw-242866975.webp	undefined
20221201	11:51:19	d4665721-b06d-4352-9a68-fe9e094f856d	GET	/uploads/avatar5.png	undefined
20221201	11:54:27	ba3096ae-8ff4-4323-8b7b-0b508e78a2fc	GET	/auth/refresh	http://localhost:3000
20221201	11:54:27	58f21d70-e2ad-4052-9066-3cf6788dbc8e	GET	/posts	http://localhost:3000
20221201	11:54:27	5babea6f-1aed-4269-bd91-be5f58b432a5	GET	/uploads/avatar5.png	undefined
20221201	11:54:27	a4824024-3474-4887-a702-c1ac84b75b0f	GET	/uploads/photo-1543373014-cfe4f4bc1cdf.jfif	undefined
20221201	11:54:27	cab2b419-a8f9-4820-8b8b-19ab950b6db2	GET	/uploads/benchakitti-park-bangkok-thailand-this-260nw-242866975.webp	undefined
20221201	11:55:23	af106dea-c906-4dd3-87b8-5d237ff0782b	GET	/auth/refresh	http://localhost:3000
20221201	11:55:23	1522c91c-6a46-4f9d-becc-5a65668950d6	GET	/posts	http://localhost:3000
20221201	11:55:23	4f9b12af-6f7b-474e-9a43-8e8282695c0f	GET	/uploads/photo-1543373014-cfe4f4bc1cdf.jfif	undefined
20221201	11:55:23	1d381ab7-551f-4610-b302-49a68536e734	GET	/uploads/benchakitti-park-bangkok-thailand-this-260nw-242866975.webp	undefined
20221201	11:55:23	c6ff1f42-69ea-4968-8d93-56b7bdd64bb7	GET	/uploads/avatar5.png	undefined
20221201	12:00:43	ce195848-a4c6-48e9-8129-5fda998ad082	GET	/auth/refresh	http://localhost:3000
20221201	12:00:43	13416e9e-151c-408c-88ce-a48de638297a	GET	/posts	http://localhost:3000
20221201	12:00:43	e0aa1398-a4fb-4f57-b59c-c9a982fe6c13	GET	/uploads/photo-1543373014-cfe4f4bc1cdf.jfif	undefined
20221201	12:00:43	18816ef4-e749-4086-9ff8-41da7e6d9b6c	GET	/uploads/benchakitti-park-bangkok-thailand-this-260nw-242866975.webp	undefined
20221201	12:00:43	462bb7d9-219e-4f1f-9f57-ad38120c69bd	GET	/uploads/avatar5.png	undefined
20221201	12:05:10	eee65a81-81bd-4a84-8625-ad23a15a5015	POST	/posts/like/63885dbfdbc6832a7dcda3c1	http://localhost:3000
20221201	12:05:18	af6cbbca-11bc-444b-a531-f09c492be6f8	GET	/auth/refresh	http://localhost:3000
20221201	12:05:19	4463d444-8a0e-4f0e-937f-3a352eb0d056	GET	/uploads/avatar5.png	undefined
20221201	12:05:20	e48cb11b-3a04-49e1-8efd-24348b464cdb	GET	/posts	http://localhost:3000
20221201	12:05:21	f13bf775-b02a-4788-90a6-02407512a435	GET	/uploads/photo-1543373014-cfe4f4bc1cdf.jfif	undefined
20221201	12:05:21	b4425d0c-b2b2-46bc-ae9a-f103d484567c	GET	/uploads/benchakitti-park-bangkok-thailand-this-260nw-242866975.webp	undefined
20221201	12:07:04	89bf1743-68e1-4600-ae33-1393fb3e95a7	POST	/posts/dislike/63885dbfdbc6832a7dcda3c1	http://localhost:3000
20221201	12:08:18	4e3102d3-fbe9-4441-910f-a1e675a1210c	GET	/auth/refresh	http://localhost:3000
20221201	12:08:18	aa1d6b2d-2256-4abd-8988-07dfe7ffdc0d	GET	/posts	http://localhost:3000
20221201	12:08:18	3532c820-b932-4fbc-ba82-0dc268665c01	GET	/uploads/photo-1543373014-cfe4f4bc1cdf.jfif	undefined
20221201	12:08:19	778a8368-c0e4-49f4-8ef7-7888b5b8d0a8	GET	/uploads/benchakitti-park-bangkok-thailand-this-260nw-242866975.webp	undefined
20221201	12:08:19	0d2f202e-85f4-4c88-850a-6688995b9e95	GET	/uploads/avatar5.png	undefined
20221201	12:09:53	e92d2aa3-6c4c-479d-a7a1-3604bb8cc12f	GET	/auth/refresh	http://localhost:3000
20221201	12:09:53	80a8e143-17ab-4439-bb6c-fbd513c0c82d	GET	/posts	http://localhost:3000
20221201	12:09:53	737b893b-cfbd-493a-a3f8-fb42052ddb80	GET	/uploads/photo-1543373014-cfe4f4bc1cdf.jfif	undefined
20221201	12:09:53	9f88a490-daa6-411f-b110-852bf4c1d53a	GET	/uploads/benchakitti-park-bangkok-thailand-this-260nw-242866975.webp	undefined
20221201	12:09:53	bd7def25-850f-41f9-831d-3f207daf4371	GET	/uploads/avatar5.png	undefined
20221201	12:09:56	cfc9d1bb-e9ae-4786-b695-b4f942628e5c	POST	/posts/like/63885dbfdbc6832a7dcda3c1	http://localhost:3000
20221201	12:10:43	c191eac0-37e0-4bcf-bf7b-df102e016662	GET	/auth/refresh	http://localhost:3000
20221201	12:10:43	8d3a4c48-0a65-4e4f-a552-1b6ca76d9bc7	GET	/posts	http://localhost:3000
20221201	12:10:43	a17b16b1-f44c-45de-87bc-2ce624d6e4dd	GET	/uploads/photo-1543373014-cfe4f4bc1cdf.jfif	undefined
20221201	12:10:43	ea76193c-dcdd-42f5-908e-8942fcd47f40	GET	/uploads/benchakitti-park-bangkok-thailand-this-260nw-242866975.webp	undefined
20221201	12:10:43	d02f5368-e5bb-4ee0-8b43-d26964e4bf34	GET	/uploads/avatar5.png	undefined
20221201	12:10:45	dad1f0cc-d0da-4192-a478-f058099ec515	POST	/posts/like/63885de8dbc6832a7dcda3ca	http://localhost:3000
20221201	12:11:28	8ef9d8cd-87d8-4b76-ac97-f326241fd890	GET	/uploads/avatar5.png	undefined
20221201	12:11:28	e49d24ce-e2f3-4b3d-8469-307baab7c8b4	GET	/uploads/photo-1543373014-cfe4f4bc1cdf.jfif	undefined
20221201	12:11:28	5a0e3102-eb39-4335-8678-a1e22b99fb07	GET	/uploads/benchakitti-park-bangkok-thailand-this-260nw-242866975.webp	undefined
20221201	12:11:32	4373c7ff-82b8-46cb-8917-d61d256f6157	GET	/auth/refresh	http://localhost:3000
20221201	12:11:32	45eb8757-3f06-4c99-997f-d0712c2d9c42	GET	/posts	http://localhost:3000
20221201	12:11:33	d9d3a8f3-5910-4283-a22e-e46cc96b18ca	GET	/uploads/photo-1543373014-cfe4f4bc1cdf.jfif	undefined
20221201	12:11:33	8f42ea65-8956-4409-afc2-449aab9ad054	GET	/uploads/benchakitti-park-bangkok-thailand-this-260nw-242866975.webp	undefined
20221201	12:11:33	c02017ee-c485-4093-a9ee-a991119bc297	GET	/uploads/avatar5.png	undefined
20221201	12:17:48	10914ec7-4a06-439d-8612-993054f3e894	GET	/auth/refresh	http://localhost:3000
20221201	12:17:48	b5462bf6-ee35-4949-a8b1-c92a8d354e91	GET	/posts	http://localhost:3000
20221201	12:17:48	87208f88-5225-4fd9-8e7c-b6eed7cbc37d	GET	/uploads/photo-1543373014-cfe4f4bc1cdf.jfif	undefined
20221201	12:17:48	efadd717-b4a6-4a6e-ae1c-95ed1435370c	GET	/uploads/benchakitti-park-bangkok-thailand-this-260nw-242866975.webp	undefined
20221201	12:17:49	942ecb55-a4fb-4ac0-92c4-42839ad4b6ed	GET	/uploads/avatar5.png	undefined
20221201	12:20:57	b5bfcf5b-895e-44c9-bcd2-90a58a1b6084	POST	/posts/dislike/63885de8dbc6832a7dcda3ca	http://localhost:3000
20221201	12:26:06	7e31332f-682e-4f40-aa41-a67bc8e9681d	GET	/auth/refresh	http://localhost:3000
20221201	12:26:06	6f109f9b-993e-455b-b194-7cf8b46ea559	GET	/posts	http://localhost:3000
20221201	12:26:06	2c5cbe0b-ee74-4e02-a8a4-5683e8189d62	GET	/uploads/photo-1543373014-cfe4f4bc1cdf.jfif	undefined
20221201	12:26:06	6274e5ba-1684-4c12-bbb5-c38a0bea4ab5	GET	/uploads/benchakitti-park-bangkok-thailand-this-260nw-242866975.webp	undefined
20221201	12:26:06	09e26854-0490-4d87-9a5a-2d80bf4120fc	GET	/uploads/avatar5.png	undefined
20221201	12:26:09	7fcd7486-fb95-4fb2-95dc-66913a8b388b	POST	/posts/like/63885de8dbc6832a7dcda3ca	http://localhost:3000
20221201	12:26:12	079e1470-ef09-4d3f-a965-2ee11ede200b	POST	/posts/like/63885de8dbc6832a7dcda3ca	http://localhost:3000
20221201	12:26:18	a730a3b8-486e-4a4f-9fd7-18db32be7c37	POST	/posts/like/63885de8dbc6832a7dcda3ca	http://localhost:3000
20221201	12:26:20	9da408bd-f866-443c-9417-20f4822d1573	POST	/posts/like/63885de8dbc6832a7dcda3ca	http://localhost:3000
20221201	12:26:21	1aa26732-a545-4ea5-9720-5ae5899b7098	POST	/posts/like/63885de8dbc6832a7dcda3ca	http://localhost:3000
20221201	12:26:22	5d3ab65a-d092-436f-9e14-5a2c2a8d3f8e	POST	/posts/like/63885de8dbc6832a7dcda3ca	http://localhost:3000
20221201	12:26:38	e2c60ce2-cb01-4ff3-87d9-19ebbc3d6c4c	POST	/posts/like/63885de8dbc6832a7dcda3ca	http://localhost:3000
20221201	12:26:41	91904728-fb19-41db-8e0f-9d8b5591f438	GET	/auth/refresh	http://localhost:3000
20221201	12:26:41	b82f2673-6b99-4095-8b39-8c7f80377dbd	GET	/posts	http://localhost:3000
20221201	12:26:42	8ca146d0-c58d-404d-9509-e1482477dd8e	GET	/uploads/photo-1543373014-cfe4f4bc1cdf.jfif	undefined
20221201	12:26:42	e2d55801-4d58-44fa-9e91-cc8b76d3f3c1	GET	/uploads/benchakitti-park-bangkok-thailand-this-260nw-242866975.webp	undefined
20221201	12:26:42	65266948-32bb-4971-8636-f30fd3b40e0e	GET	/uploads/avatar5.png	undefined
20221201	12:53:59	c17b1e5c-1d7b-4f7b-8f40-e538b7e8df1b	POST	/posts/dislike/63885dbfdbc6832a7dcda3c1	http://localhost:3000
20221201	12:54:02	3f4b7f67-4acb-4597-8bd3-2990d302c610	POST	/posts/dislike/63885dbfdbc6832a7dcda3c1	http://localhost:3000
20221201	12:54:06	dc8b8a72-8906-40fb-8dd5-3b130bf882de	POST	/posts/dislike/63885dbfdbc6832a7dcda3c1	http://localhost:3000
20221201	12:54:06	6c993b1f-1503-452e-ad04-3539b10f5d15	POST	/posts/dislike/63885dbfdbc6832a7dcda3c1	http://localhost:3000
20221201	12:54:12	c5793e0c-e448-45c7-9c4e-a5f7ee3381ef	GET	/auth/refresh	http://localhost:3000
20221201	12:54:12	63785876-8d46-4ebd-adde-df99a5a08f15	GET	/posts	http://localhost:3000
20221201	12:54:12	fb01ac38-c495-426a-b139-8c589d724e11	GET	/uploads/photo-1543373014-cfe4f4bc1cdf.jfif	undefined
20221201	12:54:12	04c3bc0c-a4e8-484b-b9e0-fabc59e6a1d1	GET	/uploads/benchakitti-park-bangkok-thailand-this-260nw-242866975.webp	undefined
20221201	12:54:13	c859e280-f160-49ac-b3f9-93cab80b8aee	GET	/uploads/avatar5.png	undefined
20221201	12:54:16	bfbe3784-201c-45d7-9a65-540d22bf58a2	POST	/posts/dislike/63885de8dbc6832a7dcda3ca	http://localhost:3000
20221201	12:54:17	25405639-ec05-4c6e-82b4-4e60fc26e0c7	POST	/posts/dislike/63885de8dbc6832a7dcda3ca	http://localhost:3000
20221201	12:54:18	7fd65749-8289-4fde-b917-80f6cd0d1fe4	POST	/posts/dislike/63885de8dbc6832a7dcda3ca	http://localhost:3000
20221201	12:54:18	1c9c8509-633e-4ed7-8512-7cb77dca7e06	POST	/posts/dislike/63885de8dbc6832a7dcda3ca	http://localhost:3000
20221201	12:54:18	929477e0-b4ce-43b1-a4dc-c37ae5291fa6	POST	/posts/dislike/63885de8dbc6832a7dcda3ca	http://localhost:3000
20221201	12:54:18	e818b282-5aed-4b9d-8568-44c78d25159c	POST	/posts/dislike/63885de8dbc6832a7dcda3ca	http://localhost:3000
20221201	12:54:18	3acec864-9c5c-4358-b0f7-a2e2130629fc	POST	/posts/dislike/63885de8dbc6832a7dcda3ca	http://localhost:3000
20221201	12:54:21	138ea0aa-d2ca-466f-aa50-c0767f49b9e0	GET	/auth/refresh	http://localhost:3000
20221201	12:54:21	e8450c94-8113-47b5-bc7d-9f9f54839394	GET	/posts	http://localhost:3000
20221201	12:54:21	55cf3275-5414-41c3-aa10-0b28477cdd0c	GET	/uploads/photo-1543373014-cfe4f4bc1cdf.jfif	undefined
20221201	12:54:21	fc147c4c-1451-4700-971b-726a576319f8	GET	/uploads/benchakitti-park-bangkok-thailand-this-260nw-242866975.webp	undefined
20221201	12:54:21	2826b53a-b8ba-44fe-bb15-4db922e78e44	GET	/uploads/avatar5.png	undefined
20221201	12:54:22	87c89f0f-f2c6-4055-8ef7-4def058933e6	POST	/posts/like/63885de8dbc6832a7dcda3ca	http://localhost:3000
20221201	12:54:23	c18927a5-b604-44af-839c-bcc775d4be1c	POST	/posts/like/63885de8dbc6832a7dcda3ca	http://localhost:3000
20221201	12:54:24	d5510be1-1012-42a8-9345-91ddee76fa98	POST	/posts/like/63885de8dbc6832a7dcda3ca	http://localhost:3000
20221201	12:54:24	7ee71120-daf5-43bf-8313-ba59a69dd681	POST	/posts/like/63885de8dbc6832a7dcda3ca	http://localhost:3000
20221201	12:54:24	51e30484-1b1a-44ce-915b-a213715ecad9	POST	/posts/like/63885de8dbc6832a7dcda3ca	http://localhost:3000
20221201	12:54:24	8b48f410-51c0-4103-813b-3a7e48ff5fe7	POST	/posts/like/63885de8dbc6832a7dcda3ca	http://localhost:3000
20221201	12:54:26	736fdb12-9b3b-4511-9823-c3ccbd4b86e1	POST	/posts/like/63885dbfdbc6832a7dcda3c1	http://localhost:3000
20221201	12:54:26	b82f0e17-1bf4-4132-a650-a0672a4ad075	POST	/posts/like/63885dbfdbc6832a7dcda3c1	http://localhost:3000
20221201	12:54:29	7b3f7feb-5b5b-4b8a-bef9-7c5decdb2672	GET	/auth/refresh	http://localhost:3000
20221201	12:54:30	d84fdf86-4216-46e7-b14f-56e6419e0e5b	GET	/posts	http://localhost:3000
20221201	12:54:30	993870ef-e294-4f4a-b314-f19bac8b60b7	GET	/uploads/photo-1543373014-cfe4f4bc1cdf.jfif	undefined
20221201	12:54:30	0f8d7c81-ff9c-4080-b835-22962b040b53	GET	/uploads/benchakitti-park-bangkok-thailand-this-260nw-242866975.webp	undefined
20221201	12:54:30	b889f694-27c2-4127-9dd0-d2b934d13b63	GET	/uploads/avatar5.png	undefined
20221201	12:56:05	95ee4e46-a91c-4a6a-bab7-df40804f2d6c	POST	/posts/dislike/63885de8dbc6832a7dcda3ca	http://localhost:3000
20221201	12:56:06	da7828df-6785-4306-842e-591201434f84	POST	/posts/dislike/63885de8dbc6832a7dcda3ca	http://localhost:3000
20221201	12:56:07	20d9ef2a-8a98-4b13-99bc-e3659ee2b74f	POST	/posts/dislike/63885de8dbc6832a7dcda3ca	http://localhost:3000
20221201	12:56:07	e6cbb7d9-7c30-4dc2-82af-259abb513de2	POST	/posts/dislike/63885de8dbc6832a7dcda3ca	http://localhost:3000
20221201	12:56:07	6465d0cb-5d1b-4efe-9eb7-717d0c62241e	POST	/posts/dislike/63885de8dbc6832a7dcda3ca	http://localhost:3000
20221201	12:56:07	f97033d9-0655-47a9-b3e6-766753c26e14	POST	/posts/dislike/63885de8dbc6832a7dcda3ca	http://localhost:3000
20221201	12:57:53	ce039014-4ccc-4b2f-aa88-cd9e39ff3c90	GET	/auth/refresh	http://localhost:3000
20221201	12:57:54	88e8ae4e-bdf4-4a61-a53c-1b3f081bfeee	GET	/posts	http://localhost:3000
20221201	12:57:54	feb87953-3060-49c0-ae0d-bdf7e6c4f45f	GET	/uploads/photo-1543373014-cfe4f4bc1cdf.jfif	undefined
20221201	12:57:54	76b4fa21-4b46-4d82-a37d-33b5da934bb6	GET	/uploads/benchakitti-park-bangkok-thailand-this-260nw-242866975.webp	undefined
20221201	12:57:54	8d21ae76-6a7d-40b2-baa0-4d74cbe4c17e	GET	/uploads/avatar5.png	undefined
20221201	12:57:57	2193d738-735b-451a-ac56-195403ec263e	POST	/posts/dislike/63885dbfdbc6832a7dcda3c1	http://localhost:3000
20221201	12:57:57	243f5c27-e32e-4555-9700-7ab3eae5c92b	POST	/posts/dislike/63885dbfdbc6832a7dcda3c1	http://localhost:3000
20221201	12:57:58	cc156337-a345-4be3-9e6d-88f7cd43f473	POST	/posts/dislike/63885dbfdbc6832a7dcda3c1	http://localhost:3000
20221201	12:57:58	064fa12d-07b9-4a2b-a569-186cef7350cc	POST	/posts/dislike/63885dbfdbc6832a7dcda3c1	http://localhost:3000
20221201	12:58:13	fd8913da-bfd8-4112-9f20-158c27ae9e55	GET	/auth/refresh	http://localhost:3000
20221201	12:58:13	9b331e93-bc5f-464a-a93f-487d83cb32e7	GET	/posts	http://localhost:3000
20221201	12:58:13	dd671648-8689-4624-800c-92218b3f089c	GET	/uploads/photo-1543373014-cfe4f4bc1cdf.jfif	undefined
20221201	12:58:13	fd44ed8f-dcd5-4511-9f2c-bde3e4c67048	GET	/uploads/benchakitti-park-bangkok-thailand-this-260nw-242866975.webp	undefined
20221201	12:58:14	c64061d0-92f2-477f-af44-8f602a548235	GET	/uploads/avatar5.png	undefined
20221201	12:58:17	e596076b-c92f-4a09-983c-67c2ac53aa85	POST	/posts/like/63885dbfdbc6832a7dcda3c1	http://localhost:3000
20221201	12:58:22	79cc41f1-2ae7-4c03-83cf-89c2c30480ea	POST	/posts/like/63885dbfdbc6832a7dcda3c1	http://localhost:3000
20221201	12:58:25	aa915837-d3be-49ec-9584-5b930971e4fd	POST	/posts/like/63885dbfdbc6832a7dcda3c1	http://localhost:3000
20221201	12:58:28	49bf71bb-fecd-472d-8d55-e15320665386	POST	/posts/like/63885dbfdbc6832a7dcda3c1	http://localhost:3000
20221201	12:59:21	0d6aac68-cc88-4534-a90a-9fc2f1bb7125	GET	/auth/refresh	http://localhost:3000
20221201	12:59:21	b746a64c-bfd3-45ec-be8c-ac1492ddfc9d	GET	/posts	http://localhost:3000
20221201	12:59:21	abcc0753-37a0-4bb5-9aea-dbac20b440c0	GET	/uploads/photo-1543373014-cfe4f4bc1cdf.jfif	undefined
20221201	12:59:21	cd9e01d5-e093-4105-92ce-d122888021a7	GET	/uploads/benchakitti-park-bangkok-thailand-this-260nw-242866975.webp	undefined
20221201	12:59:21	4c437a81-a2c6-41b4-8a25-354f1d39899d	GET	/uploads/avatar5.png	undefined
20221201	12:59:26	54c45a6c-d656-4158-88ea-47edd1c57345	POST	/posts/dislike/63885dbfdbc6832a7dcda3c1	http://localhost:3000
20221201	12:59:28	9cd1293f-e47e-4129-8901-0ccfa4d1a322	POST	/posts/dislike/63885dbfdbc6832a7dcda3c1	http://localhost:3000
20221201	12:59:32	8b3de5ef-8014-4642-886e-4fcb046c3b8d	POST	/posts/dislike/63885dbfdbc6832a7dcda3c1	http://localhost:3000
20221201	12:59:43	a4b06220-9cc5-4914-9c9d-b71e20ba3afa	GET	/auth/refresh	http://localhost:3000
20221201	12:59:43	d27099ba-b4b0-4a20-aa9f-712b850ba65a	GET	/posts	http://localhost:3000
20221201	12:59:43	e5f62681-a557-42ca-81f9-e983b5d0b3f5	GET	/uploads/photo-1543373014-cfe4f4bc1cdf.jfif	undefined
20221201	12:59:43	1092c0b7-9806-47de-814e-82c965dc128a	GET	/uploads/benchakitti-park-bangkok-thailand-this-260nw-242866975.webp	undefined
20221201	12:59:43	2b24a09a-6a7e-4a54-8c4a-5d2c59d275b7	GET	/uploads/avatar5.png	undefined
20221201	13:00:19	58ef410a-fc41-4bf3-be38-9640c267b21f	POST	/posts/like/63885dbfdbc6832a7dcda3c1	http://localhost:3000
20221201	13:00:29	42f05dad-10be-4c37-b5a9-7c6b59160e82	POST	/posts/like/63885de8dbc6832a7dcda3ca	http://localhost:3000
20221201	13:03:34	5ffa40c9-9991-4884-b2dc-774fdae38e85	GET	/auth/refresh	http://localhost:3000
20221201	13:03:34	f9ebac53-4221-4108-a9d7-94252cd4fe4c	GET	/posts	http://localhost:3000
20221201	13:03:34	58421d03-b8bb-475f-bb85-33891779c5bd	GET	/uploads/photo-1543373014-cfe4f4bc1cdf.jfif	undefined
20221201	13:03:34	2abee21e-1388-446b-aa69-a938aa3238b6	GET	/uploads/benchakitti-park-bangkok-thailand-this-260nw-242866975.webp	undefined
20221201	13:03:34	bffa6994-0a64-4ded-90b4-f811b2f8d400	GET	/uploads/avatar5.png	undefined
20221201	13:03:37	e2396cfb-c3b0-4458-aff5-88ad6ba913e1	POST	/posts/like/63886933e8e3d5862fa93359	http://localhost:3000
20221201	13:03:38	30f5ed72-6412-4c7a-8dce-5e400b1085da	POST	/posts/like/63886933e8e3d5862fa93359	http://localhost:3000
20221201	13:03:43	5560f571-a6d1-4de1-b134-c949fe43eb6f	POST	/posts/dislike/63886933e8e3d5862fa93359	http://localhost:3000
20221201	13:03:44	25ea2418-c806-4bca-a41a-b76e240c9091	POST	/posts/dislike/63886933e8e3d5862fa93359	http://localhost:3000
20221201	13:03:44	74dee142-03fa-48d1-ac28-74e8a62078d4	POST	/posts/dislike/63886933e8e3d5862fa93359	http://localhost:3000
20221201	13:03:44	ad892045-fd3c-4f74-b5e8-b9feb4fc1bdb	POST	/posts/dislike/63886933e8e3d5862fa93359	http://localhost:3000
20221201	13:03:45	b37f8e2b-79cb-4a6c-b6c7-6748a80486fa	POST	/posts/like/63886933e8e3d5862fa93359	http://localhost:3000
20221201	13:03:45	87dbae22-7ddd-4239-80a6-ea9b8d8cd908	POST	/posts/like/63886933e8e3d5862fa93359	http://localhost:3000
20221201	13:03:46	559a01f3-b952-4372-a4ba-9e6a77416d75	POST	/posts/dislike/63886933e8e3d5862fa93359	http://localhost:3000
20221201	13:03:48	565c7a6d-98a0-4769-97aa-e42096fe194d	GET	/auth/refresh	http://localhost:3000
20221201	13:03:48	8faf5d09-3bf8-4e1a-b6e7-0b6c009e729c	GET	/posts	http://localhost:3000
20221201	13:03:48	f4f3e343-d595-483a-8d63-bb4cfbe88eec	GET	/uploads/photo-1543373014-cfe4f4bc1cdf.jfif	undefined
20221201	13:03:48	faffc650-296c-4eaf-b526-8ccf57871eb9	GET	/uploads/benchakitti-park-bangkok-thailand-this-260nw-242866975.webp	undefined
20221201	13:03:48	1d59c50e-54b3-47d8-9b13-82f90fe3ee20	GET	/uploads/avatar5.png	undefined
20221201	13:03:56	51941fa6-1a73-41d7-8e1b-19f3db54d5dc	GET	/auth/refresh	http://localhost:3000
20221201	13:03:56	b76ce400-7a12-4d78-acbb-5dad6801813a	GET	/posts	http://localhost:3000
20221201	13:03:56	7a324c8a-4e46-401d-8a1c-0e35723a7e62	GET	/uploads/photo-1543373014-cfe4f4bc1cdf.jfif	undefined
20221201	13:03:57	4d26b6a3-c36f-47d0-9522-22d9ad64e53b	GET	/uploads/benchakitti-park-bangkok-thailand-this-260nw-242866975.webp	undefined
20221201	13:03:57	8c07a41a-e890-4065-988e-e7892ebb9d8e	GET	/uploads/avatar5.png	undefined
20221201	13:03:58	31332c18-ecdf-4f7c-a37e-6a860748ca97	POST	/posts/like/63886933e8e3d5862fa93359	http://localhost:3000
20221201	13:03:58	93a25f73-b871-45dd-b5f8-8821dc925084	POST	/posts/like/63886933e8e3d5862fa93359	http://localhost:3000
20221201	13:03:58	20a3c2ae-03b2-4539-822a-93c5519393ab	POST	/posts/like/63886933e8e3d5862fa93359	http://localhost:3000
20221201	13:03:58	f6543a7d-3abe-4258-be06-f89f203dd298	POST	/posts/like/63886933e8e3d5862fa93359	http://localhost:3000
20221201	13:03:59	c6444e36-fba5-42c7-83db-1f1caf062953	POST	/posts/like/63886933e8e3d5862fa93359	http://localhost:3000
20221201	13:03:59	0e79ce46-d180-4e72-9846-698cfdf649ce	POST	/posts/like/63886933e8e3d5862fa93359	http://localhost:3000
20221201	13:04:00	d9995c67-fe6a-44ce-ab83-02ea0192ecf2	GET	/auth/refresh	http://localhost:3000
20221201	13:04:00	b5482a7c-5f26-43b4-b16c-fe974e5da7cc	GET	/posts	http://localhost:3000
20221201	13:04:01	bcfd9a3f-b7da-4684-8993-6ae40ea64837	GET	/uploads/photo-1543373014-cfe4f4bc1cdf.jfif	undefined
20221201	13:04:01	9ecd3d2f-0efa-43b0-bdcd-876191133fef	GET	/uploads/benchakitti-park-bangkok-thailand-this-260nw-242866975.webp	undefined
20221201	13:04:01	ec4760bc-ddd2-4264-8b1f-abe5bbe987dc	GET	/uploads/avatar5.png	undefined
20221201	13:05:10	61f2c0f4-6841-433e-8394-85047315a112	POST	/posts/dislike/63885dbfdbc6832a7dcda3c1	http://localhost:3000
20221201	13:56:22	ef1599ab-29bc-44bf-a0c3-ae83600e9346	GET	/auth/refresh	http://localhost:3000
20221201	13:56:22	c072f149-a4d7-4c6f-a7b9-5bfac3c57b1d	GET	/posts	http://localhost:3000
20221201	13:56:22	abd125f2-85dd-4435-8ec4-d02d547bfc55	GET	/uploads/photo-1543373014-cfe4f4bc1cdf.jfif	undefined
20221201	13:56:22	9b81625c-3f37-42e7-84ec-94c478170657	GET	/uploads/benchakitti-park-bangkok-thailand-this-260nw-242866975.webp	undefined
20221201	13:56:22	b58de77d-9abd-49e6-801c-0900d78ef732	GET	/uploads/avatar5.png	undefined
20221201	13:56:37	9224cba4-6d51-482c-a95b-13eaebaabc7a	GET	/auth/refresh	http://localhost:3000
20221201	13:56:38	26bb4fa4-249f-40f4-af9e-3e2d2fa2b27f	GET	/posts	http://localhost:3000
20221201	13:56:38	ef9c0489-cb7e-4477-8eca-634b38f5f0f6	GET	/uploads/avatar5.png	undefined
20221201	13:56:38	485f999e-7821-4407-be34-7f851e73b377	GET	/uploads/photo-1543373014-cfe4f4bc1cdf.jfif	undefined
20221201	13:56:38	2b721ae7-1584-4b3e-92dd-f756b9bd154b	GET	/uploads/benchakitti-park-bangkok-thailand-this-260nw-242866975.webp	undefined
20221201	13:57:32	857af2c1-642a-4526-9dec-b79a75872cf1	GET	/auth/refresh	http://localhost:3000
20221201	13:57:32	3d928ff0-0e53-4c41-8903-f116a0e7bc44	GET	/uploads/avatar5.png	undefined
20221201	13:57:38	7528d9a1-ac46-4fc7-9921-9ff103fa5844	GET	/posts	http://localhost:3000
20221201	13:57:38	d3b56c76-37f9-4c14-bbee-0042f435ca55	GET	/uploads/photo-1543373014-cfe4f4bc1cdf.jfif	undefined
20221201	13:57:38	4b6324a0-2904-46ad-b931-cf7b0ad83dde	GET	/uploads/benchakitti-park-bangkok-thailand-this-260nw-242866975.webp	undefined
20221201	13:57:45	ef65b5d0-ac81-4630-91ff-4cbd259c09de	GET	/posts/63885dbfdbc6832a7dcda3c1	http://localhost:3000
20221201	13:57:50	13d4cbca-75b3-43ce-b2de-f192c297d455	POST	/posts/create/comment/63885dbfdbc6832a7dcda3c1	http://localhost:3000
20221201	13:57:51	8e4739f8-a77d-4b39-af64-9d50fd8d0254	GET	/posts/63885dbfdbc6832a7dcda3c1	http://localhost:3000
20221201	13:57:58	a7f1919e-d987-453e-a44a-ac2d2f1685ab	POST	/posts/create/comment/63885dbfdbc6832a7dcda3c1	http://localhost:3000
20221201	13:57:58	dff7c419-ea30-4627-b3e8-5b7c00b0b52d	GET	/posts/63885dbfdbc6832a7dcda3c1	http://localhost:3000
20221201	13:59:47	ec1033c9-fcb4-4642-bdeb-aab57489b913	GET	/posts	http://localhost:3000
20221201	13:59:47	63670f45-3ba7-4cc3-8516-661fbaf0d697	GET	/uploads/benchakitti-park-bangkok-thailand-this-260nw-242866975.webp	undefined
20221201	13:59:56	73da6f17-26f1-44dc-b96e-c989f6f922d7	GET	/posts/63885de8dbc6832a7dcda3ca	http://localhost:3000
20221201	13:59:59	561bc244-58ea-49f4-8d28-9bb654610db4	GET	/posts	http://localhost:3000
20221201	14:00:01	fa9613c0-9082-43d3-8016-6c07230d01b4	POST	/posts/dislike/63885de8dbc6832a7dcda3ca	http://localhost:3000
20221201	14:00:01	839701fd-8d32-49f7-86dc-073c8beb6ed2	POST	/posts/dislike/63885de8dbc6832a7dcda3ca	http://localhost:3000
20221201	14:00:01	13e1b63f-cb5c-4459-8208-d5dcd3e5fd40	POST	/posts/dislike/63885de8dbc6832a7dcda3ca	http://localhost:3000
20221201	14:00:02	ab82805a-d05c-4cda-9da6-e3f87a0eed89	POST	/posts/dislike/63885de8dbc6832a7dcda3ca	http://localhost:3000
20221201	14:00:02	b6a8f615-d35f-4bb6-b12a-eecaa2fdb5be	POST	/posts/dislike/63885de8dbc6832a7dcda3ca	http://localhost:3000
20221201	14:00:02	b8ab14a4-b33a-4282-a55e-d1e139224310	POST	/posts/dislike/63885de8dbc6832a7dcda3ca	http://localhost:3000
20221201	14:00:02	9ca2517f-3a1d-4488-8852-98763bede1b8	POST	/posts/dislike/63885de8dbc6832a7dcda3ca	http://localhost:3000
20221201	14:00:05	7601a679-07f4-434f-bbfe-e81e1a7cbb12	GET	/auth/refresh	http://localhost:3000
20221201	14:00:05	77e6d25c-de31-4f67-884e-1b2eeb745e3c	GET	/posts	http://localhost:3000
20221201	14:00:05	09e59449-363c-4445-b1a6-9d229c44b62f	GET	/uploads/photo-1543373014-cfe4f4bc1cdf.jfif	undefined
20221201	14:00:05	83952a8c-de9d-4b42-a9b4-09111dc62ec3	GET	/uploads/benchakitti-park-bangkok-thailand-this-260nw-242866975.webp	undefined
20221201	14:00:05	54ffbd1c-a780-4981-b9cb-d08ce9822cd7	GET	/uploads/avatar5.png	undefined
20221201	14:15:35	953afea0-4f62-4fad-8ccf-c390956560cc	POST	/posts/create	http://localhost:3000
20221201	14:15:37	360835c3-cb16-4f1b-8e8c-f5365a7640c3	GET	/uploads/photo-1543373014-cfe4f4bc1cdf.jfif	undefined
20221201	14:15:37	526e01e5-04fe-4016-8912-43281ecc4f6e	GET	/uploads/benchakitti-park-bangkok-thailand-this-260nw-242866975.webp	undefined
20221201	14:15:37	f0682f23-ef60-4f63-92a7-a9e8769a3a09	GET	/posts	http://localhost:3000
20221201	14:15:46	991f4cca-e2d0-4347-860c-339211ce4369	POST	/posts/like/63889ae7c3a1baa16dcd687e	http://localhost:3000
20221201	14:15:46	7144dd21-20a3-4e3b-b9e1-94dd8d4f68df	POST	/posts/like/63889ae7c3a1baa16dcd687e	http://localhost:3000
20221201	14:15:47	1df9e0ca-f243-4458-8638-4611c786b6fb	POST	/posts/like/63889ae7c3a1baa16dcd687e	http://localhost:3000
20221201	14:15:48	535967a8-431c-4c80-878b-5a8bd2f14997	POST	/posts/like/63889ae7c3a1baa16dcd687e	http://localhost:3000
20221201	14:15:54	f83df56f-5ce3-42a3-80f8-43b0adaff267	POST	/posts/dislike/63889ae7c3a1baa16dcd687e	http://localhost:3000
20221201	14:15:54	1cfe636c-2a64-45af-9271-4ee99d75dd9a	POST	/posts/dislike/63889ae7c3a1baa16dcd687e	http://localhost:3000
20221201	14:15:55	03429dcc-976b-4c40-b4bf-0932eebf343e	POST	/posts/dislike/63889ae7c3a1baa16dcd687e	http://localhost:3000
20221201	14:15:55	de35fa4b-cbd8-46ea-aea5-2bf843c2f2ec	POST	/posts/dislike/63889ae7c3a1baa16dcd687e	http://localhost:3000
20221201	14:15:57	8de69513-865f-4246-bd17-2bfa9b9ba8eb	GET	/auth/refresh	http://localhost:3000
20221201	14:15:57	5c3b4dc3-d64f-47ef-b366-ac2ccc383d23	GET	/posts	http://localhost:3000
20221201	14:15:57	ef09f706-1185-4bbc-861d-7c3e38d30b93	GET	/uploads/photo-1543373014-cfe4f4bc1cdf.jfif	undefined
20221201	14:15:57	5675cc26-4f3e-421c-8e11-716c945c9cae	GET	/uploads/benchakitti-park-bangkok-thailand-this-260nw-242866975.webp	undefined
20221201	14:15:57	ba3bff96-4d24-4bfb-965b-92612bdfff5d	GET	/uploads/avatar5.png	undefined
20221201	14:15:59	f09cf5d0-faad-4796-9f98-be95426870ff	POST	/posts/like/63889ae7c3a1baa16dcd687e	http://localhost:3000
20221201	14:16:01	337aa535-426b-46b9-8231-f11a60549533	POST	/posts/like/63889ae7c3a1baa16dcd687e	http://localhost:3000
20221201	14:27:52	e10bb940-3b9c-46c8-bdf5-407b1aa10bd4	GET	/auth/refresh	http://localhost:3000
20221201	14:27:52	b0b7d775-d9b9-4f50-8467-fc83eafe4d64	GET	/posts	http://localhost:3000
20221201	14:27:52	55f8052b-8ed6-4d26-a4ae-8db78fb5e8aa	GET	/uploads/photo-1543373014-cfe4f4bc1cdf.jfif	undefined
20221201	14:27:52	b55f9946-3363-4533-93bc-c7d4ac030fae	GET	/uploads/benchakitti-park-bangkok-thailand-this-260nw-242866975.webp	undefined
20221201	14:27:52	a4c27563-6e14-4580-beba-4687a81e3b03	GET	/uploads/avatar5.png	undefined
20221201	14:27:58	d21d3111-2fdb-4923-9ee1-6666f1b194ee	POST	/posts/create	http://localhost:3000
20221201	14:30:11	68d7bd7f-fca7-4de6-8da6-dfad7ba276d3	GET	/auth/refresh	http://localhost:3000
20221201	14:30:12	55714652-501e-4d96-ae6c-bd87029bc7db	GET	/uploads/avatar5.png	undefined
20221201	14:30:19	f3cc042b-a3b9-4396-b63c-43aa8b87f25b	POST	/posts/create	http://localhost:3000
20221201	14:31:49	dfc0ea18-6ce4-491f-91e3-9551df80467f	GET	/auth/refresh	http://localhost:3000
20221201	14:31:49	643a1deb-60da-42ae-84d7-eb3f823656c9	GET	/uploads/avatar5.png	undefined
20221201	14:31:53	d5f9fb81-1d84-4bd0-a148-cf0c7afa4a9f	POST	/posts/create	http://localhost:3000
20221201	14:31:53	5972366c-2343-440a-8268-113a44f72ef7	GET	/posts/undefined	http://localhost:3000
20221201	14:33:10	ed69db74-bfc5-4ec8-abe7-eefdc99652bc	GET	/auth/refresh	http://localhost:3000
20221201	14:33:10	d2f079bb-0530-4514-b53a-61f41d686c28	GET	/posts/undefined	http://localhost:3000
20221201	14:33:10	34d91fea-ce76-4efe-b62d-1932954fbfaa	GET	/uploads/avatar5.png	undefined
20221201	14:33:17	22f41848-e7e2-4e39-89b4-36ab170311d2	POST	/posts/create	http://localhost:3000
20221201	14:33:17	fcf641ec-33aa-41d8-9f86-732f6a3fbc72	GET	/posts/63889f0d24c841c87123ca3d	http://localhost:3000
20221201	14:33:21	a8aec16d-18a6-467c-b599-af8ec6f23d7f	GET	/posts	http://localhost:3000
20221201	14:33:21	37806bd3-a496-4167-814e-2eca0d97ed25	GET	/uploads/photo-1543373014-cfe4f4bc1cdf.jfif	undefined
20221201	14:33:21	e041213f-93ef-42b4-b6f4-ea3b22223f91	GET	/uploads/benchakitti-park-bangkok-thailand-this-260nw-242866975.webp	undefined
20221201	14:34:32	8aeb24b2-33bc-48cc-bb5f-447754c03627	POST	/posts/like/63889f0d24c841c87123ca3d	http://localhost:3000
20221201	14:34:36	2bdf24c2-5f13-478a-bc9a-4dc84aacbbb6	POST	/posts/dislike/63889f0d24c841c87123ca3d	http://localhost:3000
20221201	14:34:38	4ed3c67d-a65b-4a35-99c0-10105a8f1469	POST	/posts/like/63889f0d24c841c87123ca3d	http://localhost:3000
20221201	14:34:39	c26ba954-a294-44ac-a60a-1e24810bb0ae	POST	/posts/dislike/63889f0d24c841c87123ca3d	http://localhost:3000
20221201	14:34:42	95e29eff-c5c4-4230-841f-2632788b0b47	GET	/auth/refresh	http://localhost:3000
20221201	14:34:42	0ff958c7-ebf6-40d1-9b61-4cca4bec48de	GET	/posts	http://localhost:3000
20221201	14:34:42	c4a95caf-58c1-4ce1-9bcf-ccaa5170b9dd	GET	/uploads/photo-1543373014-cfe4f4bc1cdf.jfif	undefined
20221201	14:34:42	3555feed-5e7c-4eea-ae3f-0d55c1bae9d8	GET	/uploads/benchakitti-park-bangkok-thailand-this-260nw-242866975.webp	undefined
20221201	14:34:43	aa7095a1-e890-461c-83e5-da1cff1d7594	GET	/uploads/avatar5.png	undefined
20221201	14:36:04	31f1e9f0-be97-464c-ae16-9ab5646e09bb	GET	/auth/refresh	http://localhost:3000
20221201	14:36:04	1472a1f7-5714-420b-b23d-17a9b30f0149	GET	/posts	http://localhost:3000
20221201	14:36:04	4b25584f-add0-4366-86a7-71e3ac38be3d	GET	/uploads/photo-1543373014-cfe4f4bc1cdf.jfif	undefined
20221201	14:36:04	8dbe4df8-c541-45e2-94ae-724f7cb61201	GET	/uploads/benchakitti-park-bangkok-thailand-this-260nw-242866975.webp	undefined
20221201	14:36:05	cbfe044e-2c88-42b0-8e6e-b98b78a94ec9	GET	/uploads/avatar5.png	undefined
20221201	14:36:07	160ae842-93eb-45f2-b0dd-44e0a95c3fce	POST	/posts/like/63889f0d24c841c87123ca3d	http://localhost:3000
20221201	14:36:09	c558a2db-4a45-4fba-981e-d5070fbd83cf	POST	/posts/dislike/63889f0d24c841c87123ca3d	http://localhost:3000
20221201	14:36:11	0c98201e-6dea-410d-ae0d-bdacda2b0c3e	POST	/posts/like/63889f0d24c841c87123ca3d	http://localhost:3000
20221201	14:36:11	01e9de8d-ba19-4609-95a1-8ba054750363	POST	/posts/dislike/63889f0d24c841c87123ca3d	http://localhost:3000
20221201	14:36:12	7c9469b9-f152-4b62-8301-2811a9414ab6	POST	/posts/like/63889f0d24c841c87123ca3d	http://localhost:3000
20221201	14:36:13	3088b02f-89ce-4491-ac08-76efbb0c1965	POST	/posts/dislike/63889f0d24c841c87123ca3d	http://localhost:3000
20221201	14:36:23	d6ec36d4-4d45-4627-8d93-3be11e4b2c58	GET	/auth/refresh	http://localhost:3000
20221201	14:36:23	037c65f7-65b5-4848-9e11-26eca315839c	GET	/posts	http://localhost:3000
20221201	14:36:24	df17be5d-22c5-4e42-ac60-95d2e11f9aaf	GET	/uploads/photo-1543373014-cfe4f4bc1cdf.jfif	undefined
20221201	14:36:24	dde1d8e3-d45e-469e-bbe4-ddc0799be59e	GET	/uploads/benchakitti-park-bangkok-thailand-this-260nw-242866975.webp	undefined
20221201	14:36:24	27c73abb-fa6f-4808-8618-18227b331e8f	GET	/uploads/avatar5.png	undefined
20221201	14:50:32	059cdf9c-dfda-44c6-b3f0-e645d87c7e2a	POST	/auth/logout	http://localhost:3000
20221201	14:50:37	6f781fa2-0d19-4f53-83db-293955583756	GET	/posts	http://localhost:3000
20221201	14:50:40	4b83cc8a-1ad8-41a8-af09-2e6648f8e284	POST	/posts/dislike/63889ae7c3a1baa16dcd687e	http://localhost:3000
20221201	14:50:40	2a9b3c1a-6247-44e9-9422-03d290a7964d	GET	/auth/refresh	http://localhost:3000
20221201	14:59:55	57b8050b-9f5a-455f-bd83-55a1f1435a76	GET	/posts	http://localhost:3000
20221201	14:59:55	366f9ac9-7d79-433e-aaa0-e78e82635bcb	GET	/uploads/photo-1543373014-cfe4f4bc1cdf.jfif	undefined
20221201	14:59:55	97fe4085-2fd1-40d4-829c-2a1ef78f3f4b	GET	/uploads/benchakitti-park-bangkok-thailand-this-260nw-242866975.webp	undefined
20221201	15:01:00	8e87445e-9a6e-49eb-b6c5-26d154f788e4	GET	/posts	http://localhost:3000
20221201	15:01:00	d2ce6bed-d25c-4708-bf72-ef50663048f4	GET	/uploads/photo-1543373014-cfe4f4bc1cdf.jfif	undefined
20221201	15:01:00	51c30786-fb4f-4eca-9198-9417c8611e99	GET	/uploads/benchakitti-park-bangkok-thailand-this-260nw-242866975.webp	undefined
20221201	15:01:02	d772cfb5-88f3-4fab-abb4-6aeada812f81	POST	/posts/like/63885de8dbc6832a7dcda3ca	http://localhost:3000
20221201	15:01:02	b6eedc36-8567-4c6d-85ed-d2b4eceeb2ff	GET	/auth/refresh	http://localhost:3000
20221201	15:01:10	d56c0e1d-ea69-4a2e-bc16-fbee6583fdf0	GET	/posts	http://localhost:3000
20221201	15:01:10	3d878277-d882-4f69-b301-dca9e02431cd	GET	/uploads/photo-1543373014-cfe4f4bc1cdf.jfif	undefined
20221201	15:01:10	a6cdfc35-b0a0-49af-a88e-36e0e91a44f0	GET	/uploads/benchakitti-park-bangkok-thailand-this-260nw-242866975.webp	undefined
20221201	15:01:12	fcc387ff-a1ae-496d-8e70-76e2be97c94a	POST	/posts/dislike/63885de8dbc6832a7dcda3ca	http://localhost:3000
20221201	15:01:12	f2587fad-f453-4aca-85bb-94af26928d16	GET	/auth/refresh	http://localhost:3000
20221201	15:01:16	97eea2a0-f0b3-430f-9cb6-c9120c4a3b15	GET	/posts	http://localhost:3000
20221201	15:01:16	61346905-01f3-4d58-b8c1-d72dee8ecc0e	GET	/uploads/photo-1543373014-cfe4f4bc1cdf.jfif	undefined
20221201	15:01:16	a6f40585-b4bc-401f-998e-bbc115f7daf3	GET	/uploads/benchakitti-park-bangkok-thailand-this-260nw-242866975.webp	undefined
20221201	15:01:21	74914183-dc45-4e99-903f-6070de7236fe	GET	/posts/63889ae7c3a1baa16dcd687e	http://localhost:3000
20221201	15:01:22	77abafa2-53de-4e35-b921-3246b443a549	GET	/posts	http://localhost:3000
20221201	15:01:25	53ef0327-ddb1-4546-b5c7-de2df1fd5336	POST	/posts/like/63889ae7c3a1baa16dcd687e	http://localhost:3000
20221201	15:01:25	331c8131-af19-48dc-8e8f-11628e788fd7	GET	/auth/refresh	http://localhost:3000
20221201	15:01:28	f0c375df-4b7e-497c-88f7-03c24bbbcd62	GET	/posts	http://localhost:3000
20221201	15:01:29	0d704dbc-6724-43b3-b4b3-de0c0450bfc7	GET	/uploads/photo-1543373014-cfe4f4bc1cdf.jfif	undefined
20221201	15:01:29	afd45fe7-f503-4d5f-8f93-c9ffe6df2065	GET	/uploads/benchakitti-park-bangkok-thailand-this-260nw-242866975.webp	undefined
20221201	15:03:08	f4501a4b-4a2b-430c-8098-9c68a72bef3e	GET	/posts	http://localhost:3000
20221201	15:03:08	2710ddff-47d9-47c2-ad82-471cbbe43275	GET	/uploads/photo-1543373014-cfe4f4bc1cdf.jfif	undefined
20221201	15:03:08	35c5a154-a6fd-4693-a4a0-cd2032c1acd7	GET	/uploads/benchakitti-park-bangkok-thailand-this-260nw-242866975.webp	undefined
20221201	15:03:10	74480650-c13a-41e2-9256-37465effacbd	POST	/posts/like/63885de8dbc6832a7dcda3ca	http://localhost:3000
20221201	15:03:10	397b390d-63de-4bb7-8e39-44a91d22b790	GET	/auth/refresh	http://localhost:3000
20221201	15:03:18	29024370-0489-4b21-a205-62e3fea2f1f7	GET	/posts	http://localhost:3000
20221201	15:03:18	52638c30-e0c1-4369-9358-f35235e87b2a	GET	/uploads/photo-1543373014-cfe4f4bc1cdf.jfif	undefined
20221201	15:03:18	e3a64912-1018-47e9-a364-a2853c1e246b	GET	/uploads/benchakitti-park-bangkok-thailand-this-260nw-242866975.webp	undefined
20221201	15:03:19	b205c4b9-d001-4c7c-aa18-7f46f9cda030	POST	/posts/dislike/63885de8dbc6832a7dcda3ca	http://localhost:3000
20221201	15:03:19	17e136a1-3c86-4010-b61e-b8c76a75f911	GET	/auth/refresh	http://localhost:3000
20221201	15:11:03	10cb6935-6d38-4bfd-9812-9ef8a949f941	POST	/auth/register	http://localhost:3000
20221201	15:11:03	c2a26306-0840-46ef-a8ae-20e64fa3d4e0	GET	/	undefined
20221201	15:11:28	12b17d81-0a70-46ee-bbde-00f73c50bac7	GET	/posts	http://localhost:3000
20221201	15:11:28	77fa42ab-95e7-497c-9b94-cd3eb80add6e	GET	/uploads/photo-1543373014-cfe4f4bc1cdf.jfif	undefined
20221201	15:11:28	19b73933-148b-44df-8fd0-926a23705cac	GET	/uploads/benchakitti-park-bangkok-thailand-this-260nw-242866975.webp	undefined
20221201	15:12:59	46854a52-35a5-48bf-acba-d0131adbf136	POST	/posts/like/63885de8dbc6832a7dcda3ca	http://localhost:3000
20221201	15:13:00	48c352de-3229-42c6-8c99-0ec2c0965d54	POST	/posts/dislike/63885de8dbc6832a7dcda3ca	http://localhost:3000
20221201	15:13:01	d5af597f-2b9a-46ad-8eea-0e1a9f1a4ae6	POST	/posts/like/63885de8dbc6832a7dcda3ca	http://localhost:3000
20221201	15:13:02	4a14acff-b123-4426-83fb-b88adbd3c79e	POST	/posts/dislike/63885de8dbc6832a7dcda3ca	http://localhost:3000
20221201	15:13:03	eb5f2d3a-3400-4ef1-af59-5fea00d81b24	POST	/posts/like/63885de8dbc6832a7dcda3ca	http://localhost:3000
20221201	15:13:03	f7a8b517-cb26-417e-9a70-da7c64844c21	POST	/posts/dislike/63885de8dbc6832a7dcda3ca	http://localhost:3000
20221201	15:13:04	5cbf3567-3bb8-4db8-b4ae-361584226697	POST	/posts/like/63885de8dbc6832a7dcda3ca	http://localhost:3000
20221201	15:13:05	43a2d054-bf75-45ca-8e7f-5c4809279150	POST	/posts/dislike/63885de8dbc6832a7dcda3ca	http://localhost:3000
20221201	15:17:49	bdfb8c83-3cf8-459a-9029-99a350009895	GET	/auth/refresh	http://localhost:3000
20221201	15:17:49	6cd6e5ab-cfbf-4865-b397-ff1175e85deb	GET	/posts	http://localhost:3000
20221201	15:17:50	92a3d090-e3b3-4ae7-8bc1-1632f4e07b4e	GET	/uploads/photo-1543373014-cfe4f4bc1cdf.jfif	undefined
20221201	15:17:50	0baee0aa-cf5f-4a28-abfb-2480699ff5bd	GET	/uploads/benchakitti-park-bangkok-thailand-this-260nw-242866975.webp	undefined
20221201	15:17:50	d5f90e0c-f019-4dad-a72a-5433a6bbfb06	GET	/	undefined
20221201	15:17:54	b7cd4922-bde2-4142-9e2b-3f8c9cfc0dc9	POST	/posts/like/63889dce24c841c87123ca28	http://localhost:3000
20221201	15:18:05	f9a04a77-828e-428a-b0fa-1a86029c93bb	POST	/posts/dislike/63889dce24c841c87123ca28	http://localhost:3000
20221201	15:18:54	fbb41324-3b76-42a4-ad0d-cee9f65868b0	GET	/auth/refresh	http://localhost:3000
20221201	15:18:54	b1a1300d-f57b-408c-a76f-10e7d44219d7	GET	/posts	http://localhost:3000
20221201	15:18:54	6f96b37e-0b13-4f49-87ba-9a68f94b6e4f	GET	/uploads/photo-1543373014-cfe4f4bc1cdf.jfif	undefined
20221201	15:18:54	4d8357d2-ca3e-4632-ac17-a0ca5ac485ef	GET	/uploads/benchakitti-park-bangkok-thailand-this-260nw-242866975.webp	undefined
20221201	15:18:54	85b42c4f-ac85-4279-9e35-1112e6e4226b	GET	/	undefined
20221201	16:10:53	759860be-5509-4367-b6a7-05d62addd2ad	GET	/auth/refresh	http://localhost:3000
20221201	16:10:53	529d8c06-e254-4100-aac9-ac6791c22423	GET	/posts	http://localhost:3000
20221201	16:10:54	e6c81538-0951-48f9-8dc1-90d8a2a62c22	GET	/uploads/photo-1543373014-cfe4f4bc1cdf.jfif	undefined
20221201	16:10:54	9416afb9-bb53-4d8f-8c49-cbaf0c9e9f19	GET	/uploads/benchakitti-park-bangkok-thailand-this-260nw-242866975.webp	undefined
20221201	16:10:54	da2b30f2-c3c1-49a9-9a96-acf654b8b191	GET	/	undefined
20221201	16:19:04	fe63c001-f422-4c8c-bb42-88f01e6de412	GET	/auth/refresh	http://localhost:3000
20221201	16:19:04	18d3df83-ebab-4a9c-89d7-ef41fc2b26f7	GET	/posts	http://localhost:3000
20221201	16:19:04	d648e62b-521d-4f7c-923d-b6e97534ecb3	GET	/uploads/photo-1543373014-cfe4f4bc1cdf.jfif	undefined
20221201	16:19:04	ea79175a-3d11-4152-ba77-66ad075f15c2	GET	/uploads/benchakitti-park-bangkok-thailand-this-260nw-242866975.webp	undefined
20221201	16:19:04	0dc5bc6b-c738-464a-8c5b-f0b638f5b40c	GET	/	undefined
20221201	16:22:21	b05ff703-8096-49a7-9a07-589c29276ee8	GET	/auth/refresh	http://localhost:3000
20221201	16:22:22	fceb7f8b-87ab-43f5-8a59-d850d16ccd60	GET	/	undefined
20221201	16:22:55	e6e30248-d2a0-49c2-a1ed-f98726636c02	GET	/posts	http://localhost:3000
20221201	16:22:55	806ab9e4-70fa-424c-85fd-ae3300e2e0f4	GET	/uploads/photo-1543373014-cfe4f4bc1cdf.jfif	undefined
20221201	16:22:55	347c1b4b-8670-456e-b879-222cedc893ec	GET	/uploads/benchakitti-park-bangkok-thailand-this-260nw-242866975.webp	undefined
20221201	16:24:17	298ec5bb-55c3-4b52-9959-48c22adec38c	GET	/auth/refresh	http://localhost:3000
20221201	16:24:17	13e63913-9526-4700-8226-429eadca9eec	GET	/posts	http://localhost:3000
20221201	16:24:18	3d8bbb52-7ab0-49bc-bd8e-17effcd451ea	GET	/uploads/photo-1543373014-cfe4f4bc1cdf.jfif	undefined
20221201	16:24:18	1206f0e6-3df1-4155-99d2-0e95dee4c291	GET	/uploads/benchakitti-park-bangkok-thailand-this-260nw-242866975.webp	undefined
20221201	16:24:18	7fefbf27-e09d-401c-88a2-587c9561e880	GET	/	undefined
20221201	16:42:47	cdae0237-b8f6-440c-bd22-81ad09e04c62	GET	/auth/refresh	http://localhost:3000
20221201	16:42:47	13e19f81-1db4-4e68-9206-f629f32eb8bf	GET	/posts	http://localhost:3000
20221201	16:42:47	6ff25e1a-91e8-45a9-baa5-5b9e437c18cc	GET	/	undefined
20221201	16:43:22	4e957e35-a980-41b6-b64a-14a5d250ee0d	POST	/upload	http://localhost:3000
20221201	16:43:22	e7e1ea9c-a026-48a4-89f6-1b8d988013e3	GET	/uploads/benchakitti-park-bangkok-thailand-this-260nw-242866975.webp	undefined
20221201	16:43:25	0ceb70f9-00fc-4700-b1d6-93ef008ff20e	POST	/posts/create	http://localhost:3000
20221201	16:43:25	709d1036-74fa-49e8-9829-13bbaa97a16e	GET	/posts/6388bd8dc45a868106a914ea	http://localhost:3000
20221201	16:43:29	956804e8-a7ee-43a6-a513-334e1b2ee4fe	GET	/posts	http://localhost:3000
20221201	16:44:43	f8c4c8b1-3558-4e21-bff6-44023629f7d1	GET	/auth/refresh	http://localhost:3000
20221201	16:44:43	3c72ce0f-8807-41d5-8e30-107be0e03601	GET	/posts	http://localhost:3000
20221201	16:44:43	d2adb369-452a-49db-b7be-be8441afcc1a	GET	/uploads/benchakitti-park-bangkok-thailand-this-260nw-242866975.webp	undefined
20221201	16:44:43	1f532735-7bbf-4847-9c8a-106a23403fc0	GET	/	undefined
20221201	16:45:02	8063755a-862f-4770-b248-bec12589158e	GET	/auth/refresh	http://localhost:3000
20221201	16:45:02	03c7d92e-b463-4fc1-9e06-e53b6b1915f0	GET	/posts	http://localhost:3000
20221201	16:45:02	067c7597-fbf8-40a8-b3d1-71b76849a04a	GET	/uploads/benchakitti-park-bangkok-thailand-this-260nw-242866975.webp	undefined
20221201	16:45:02	5bae9584-8786-4137-9a8d-d2449357de62	GET	/	undefined
20221201	16:57:17	eae30e24-253a-477d-bfd1-8ca79c3cc24d	GET	/auth/refresh	http://localhost:3000
20221201	16:57:17	b032e8f4-aad5-4712-92c0-250fe4249c84	GET	/posts	http://localhost:3000
20221201	16:57:17	5267f405-85f8-4df5-9d63-b09568bbdda7	GET	/uploads/benchakitti-park-bangkok-thailand-this-260nw-242866975.webp	undefined
20221201	16:57:17	b7cc3f4f-3131-4646-8046-0d9b18c017c3	GET	/	undefined
20221201	16:59:06	d817c67e-115d-406e-a0ab-5f5641f30e7d	GET	/auth/refresh	http://localhost:3000
20221201	16:59:06	ebf6b58a-07e8-419d-bf79-00c9937d5659	GET	/posts	http://localhost:3000
20221201	16:59:06	faed74f5-78f0-40c8-964d-9e08b3feb704	GET	/uploads/benchakitti-park-bangkok-thailand-this-260nw-242866975.webp	undefined
20221201	16:59:06	4a1e4704-a947-4970-a9c3-00bda07b878e	GET	/	undefined
20221201	17:00:00	a4b4ffdb-bbf2-49f0-808b-5fe669066c2c	GET	/auth/refresh	http://localhost:3000
20221201	17:00:00	7fe26787-c2f2-43e4-973b-86082bcb3cdc	GET	/posts	http://localhost:3000
20221201	17:00:00	2e086902-c1bc-4102-9279-ccbf5d0439e6	GET	/uploads/benchakitti-park-bangkok-thailand-this-260nw-242866975.webp	undefined
20221201	17:00:00	0eb7dfc1-22b3-45aa-ba34-8a31681365e4	GET	/	undefined
20221201	17:02:10	61d19e90-979b-43aa-a37e-5c12483e5b8f	GET	/auth/refresh	http://localhost:3000
20221201	17:02:10	c8ee9f76-5948-4ffd-ac65-4e6d3efc608c	GET	/posts	http://localhost:3000
20221201	17:02:10	cbb8f709-b4c3-40fb-9776-ca6a7e65d77f	GET	/uploads/benchakitti-park-bangkok-thailand-this-260nw-242866975.webp	undefined
20221201	17:02:10	398e80d9-667a-49c0-ab35-0f6a8536efbc	GET	/	undefined
20221201	17:02:11	897833f7-0b4f-47f0-8d88-1d81b9fdd6e0	POST	/posts/like/6388bd8dc45a868106a914ea	http://localhost:3000
20221201	17:02:13	0b202e76-d96f-420b-a5df-02ff1e7ed8a5	GET	/auth/refresh	http://localhost:3000
20221201	17:02:13	cd09bd1a-d0ef-42c1-9219-35a86ab49713	GET	/posts	http://localhost:3000
20221201	17:02:13	04d8fb35-83ce-40d3-a08e-ac5bc1575ed5	GET	/uploads/benchakitti-park-bangkok-thailand-this-260nw-242866975.webp	undefined
20221201	17:02:13	65954b6f-7cef-4c42-8232-cb3acef6f850	GET	/	undefined
20221201	17:02:18	bfdc03a4-49a2-4c56-9281-b3bb9f0614ef	POST	/posts/dislike/6388bd8dc45a868106a914ea	http://localhost:3000
20221201	17:02:19	46bdb214-2f9d-4f7c-a870-5bd6be3de2a6	GET	/auth/refresh	http://localhost:3000
20221201	17:02:19	a1cc08aa-2809-491f-9076-34a537d6a7ee	GET	/posts	http://localhost:3000
20221201	17:02:20	b454d3fe-f033-4228-9d21-b68b24b161c5	GET	/uploads/benchakitti-park-bangkok-thailand-this-260nw-242866975.webp	undefined
20221201	17:02:20	5b62c992-d3f8-4996-9996-27193301b1c1	GET	/	undefined
20221201	17:02:22	e2be5de2-07be-47ed-9d8d-b09bd65f347d	POST	/posts/dislike/6388bd8dc45a868106a914ea	http://localhost:3000
20221201	17:02:24	eb0689a6-07ab-4a89-82e8-8abf23422b5a	GET	/auth/refresh	http://localhost:3000
20221201	17:02:24	5d84a12f-9852-4e67-af73-cc206b310665	GET	/posts	http://localhost:3000
20221201	17:02:24	72bedd01-1d8f-4758-a83f-9cca3c951a5e	GET	/uploads/benchakitti-park-bangkok-thailand-this-260nw-242866975.webp	undefined
20221201	17:02:24	3c5c16b9-504f-4137-8953-276f558c7930	GET	/	undefined
20221201	17:02:26	89c10310-981b-4959-a219-9d33e55df019	POST	/posts/dislike/6388bd8dc45a868106a914ea	http://localhost:3000
20221201	17:02:27	9eb860c3-35b6-4686-8f2a-d4d8abee7752	GET	/auth/refresh	http://localhost:3000
20221201	17:02:27	37d86a0a-f932-4e03-84be-b4b09c90bbc1	GET	/posts	http://localhost:3000
20221201	17:02:27	9ebea75c-bc2f-4939-9477-79e898698cbb	GET	/uploads/benchakitti-park-bangkok-thailand-this-260nw-242866975.webp	undefined
20221201	17:02:27	ac442c1a-d933-46ae-9b7c-14af020f57d8	GET	/	undefined
20221201	17:02:28	3db008db-4b0b-4d7b-aa32-8e236688d8a4	POST	/posts/like/6388bd8dc45a868106a914ea	http://localhost:3000
20221201	17:02:29	99ec51bc-21a0-4634-ad7d-39418124a9de	GET	/auth/refresh	http://localhost:3000
20221201	17:02:29	da30f6bb-d751-4c1c-977e-a255b2a1ef66	GET	/posts	http://localhost:3000
20221201	17:02:29	21408ac4-2fd3-4340-9a8e-31e7eba2f072	GET	/uploads/benchakitti-park-bangkok-thailand-this-260nw-242866975.webp	undefined
20221201	17:02:29	3830cac2-9d4f-497a-a775-3b15fbdc6366	GET	/	undefined
20221201	17:02:30	49f0fed1-1502-4b8c-9e33-37182a9f9773	POST	/posts/like/6388bd8dc45a868106a914ea	http://localhost:3000
20221201	17:02:32	e1c01aa0-6007-4543-9947-7406b4eba679	GET	/auth/refresh	http://localhost:3000
20221201	17:02:32	4a48f105-8d56-4173-a32c-9fd581d4eb7c	GET	/posts	http://localhost:3000
20221201	17:02:32	2aee2aed-19c2-45cd-9722-bf86b257f5bb	GET	/uploads/benchakitti-park-bangkok-thailand-this-260nw-242866975.webp	undefined
20221201	17:02:32	1d505ef5-3ad3-4b07-bf89-c80a0bdd820b	GET	/	undefined
20221201	17:03:23	88cd45fe-f931-4c08-896b-9ca9d07b57bb	GET	/auth/refresh	http://localhost:3000
20221201	17:03:23	15aea16a-6585-479a-b170-db534367fa37	GET	/posts	http://localhost:3000
20221201	17:03:23	c0c1fa84-10b9-4415-baa4-febc36724046	GET	/uploads/benchakitti-park-bangkok-thailand-this-260nw-242866975.webp	undefined
20221201	17:03:23	cff2e6f7-a77e-4ac8-96be-f97988540c8f	GET	/	undefined
20221201	17:03:25	e2a3e3aa-b5ae-4180-be2b-15dfeb30a51f	POST	/posts/like/6388bd8dc45a868106a914ea	http://localhost:3000
20221201	17:03:57	98708289-e88f-40cb-9fef-ccf55ec4740b	GET	/auth/refresh	http://localhost:3000
20221201	17:03:57	866cbf90-5e87-461c-929b-e5bdd4d434d4	GET	/posts	http://localhost:3000
20221201	17:03:57	c50145a4-976c-4a53-b9c8-e68da217dd9a	GET	/uploads/benchakitti-park-bangkok-thailand-this-260nw-242866975.webp	undefined
20221201	17:03:58	608063dd-abd2-4e0e-b688-ffb51db27144	GET	/	undefined
20221201	17:05:46	4250cdbb-f8ac-4729-96f3-a1b0a73bd834	GET	/auth/refresh	http://localhost:3000
20221201	17:05:46	07d39c9b-4a34-4a51-b7c8-c89d554ee4ed	GET	/posts	http://localhost:3000
20221201	17:05:46	09b9944c-502b-4315-8bc2-56a471956b0f	GET	/uploads/benchakitti-park-bangkok-thailand-this-260nw-242866975.webp	undefined
20221201	17:05:47	c6d27b8a-5b6b-49b9-b625-c04a8ea1cf9b	GET	/	undefined
20221201	17:06:02	9b4f7e95-4716-481f-9421-4663fd86809b	POST	/posts/create	http://localhost:3000
20221201	17:06:02	76976f96-929d-4ec5-a47f-2a1271bfa7c5	GET	/posts/6388c2dad40baf7393e35585	http://localhost:3000
20221201	17:06:06	b51a22bc-64a7-4564-959e-871549f02e0e	GET	/uploads/benchakitti-park-bangkok-thailand-this-260nw-242866975.webp	undefined
20221201	17:06:06	898140fd-f13b-4119-a7a8-d6a7a0aa004b	GET	/posts	http://localhost:3000
20221201	17:06:08	069e3b41-c899-4a52-937b-3df327dc145e	POST	/posts/like/6388c2dad40baf7393e35585	http://localhost:3000
20221201	17:06:09	9e67cc2b-a480-4180-9aa9-66bbc2aea390	POST	/posts/dislike/6388c2dad40baf7393e35585	http://localhost:3000
20221201	17:06:10	a903fc25-6ccf-45cf-9716-c7d13008e925	POST	/posts/like/6388c2dad40baf7393e35585	http://localhost:3000
20221201	17:06:10	40430192-0171-4d73-95bf-9ba158fb2705	POST	/posts/dislike/6388c2dad40baf7393e35585	http://localhost:3000
20221201	17:06:13	f30a5977-d7cf-4cb6-8c83-0ae8bf582a70	GET	/auth/refresh	http://localhost:3000
20221201	17:06:13	e82b5a43-a2ec-417f-b3c1-0d2deb4bb38a	GET	/posts	http://localhost:3000
20221201	17:06:13	256aceff-6243-4113-932f-71ea65ce6c2a	GET	/uploads/benchakitti-park-bangkok-thailand-this-260nw-242866975.webp	undefined
20221201	17:06:13	94a32b5b-55f2-4294-8d43-ec8930e7421d	GET	/	undefined
20221201	21:07:44	9c785140-2b9b-40eb-aca9-79470137ef05	GET	/auth/refresh	http://localhost:3000
20221201	21:08:14	0b89d27e-4e1e-46a1-aef7-d5c189c380af	POST	/upload	http://localhost:3000
20221201	21:08:14	8e17ce32-4bc3-408d-868f-c51d43567444	GET	/uploads/pc%20image.jpg	undefined
20221201	21:08:17	b3ecd266-00cb-4470-b612-aa02a222f1c9	POST	/auth/register	http://localhost:3000
20221201	21:08:30	acfeeb3b-e06e-4ec0-8c5a-490f451a8644	POST	/auth/register	http://localhost:3000
20221201	21:08:35	c7e4149f-a27d-43fd-abb4-3f0b9d7baa7a	GET	/posts	http://localhost:3000
20221201	21:08:35	099a3f21-29f8-426b-b937-e782fd5cecb5	GET	/uploads/benchakitti-park-bangkok-thailand-this-260nw-242866975.webp	undefined
20221201	21:08:40	b779d8d0-8997-473c-8c3b-4baf58fd1dd3	GET	/auth/refresh	http://localhost:3000
20221201	21:08:40	89193eb8-3866-4acd-ad10-258653f270ea	GET	/uploads/pc%20image.jpg	undefined
20221201	21:09:10	fc12597f-6af9-4a01-8bca-1195e711c9c7	POST	/upload	http://localhost:3000
20221201	21:09:11	c3df3751-2ec6-4b1b-9738-0ab3256f2972	POST	/posts/create	http://localhost:3000
20221201	21:09:12	c2e48131-ce9b-4a9c-838b-046b67565d03	GET	/posts/6388fbd71b846754689925c3	http://localhost:3000
20221201	21:09:17	0c3cf499-c4ff-40a8-b9d1-e1d7ae49d21b	GET	/posts	http://localhost:3000
20221201	21:09:17	c893ce02-4004-47e0-9428-b9c64e592584	GET	/uploads/benchakitti-park-bangkok-thailand-this-260nw-242866975.webp	undefined
20221201	21:09:54	059927c1-c1b1-4b85-aedc-6014a74dc90f	GET	/auth/refresh	http://localhost:3000
20221201	21:09:54	5e72b567-0b70-4e7e-a32a-84bb6868751a	GET	/posts	http://localhost:3000
20221201	21:10:14	0e39c244-b040-4878-8bf4-3bd656aec037	POST	/posts/like/6388fbd71b846754689925c3	http://localhost:3000
20221201	21:10:28	b3f9af65-17fc-4ad4-b550-74309630d9bb	GET	/auth/refresh	http://localhost:3000
20221201	21:10:28	9bd29fa3-bc70-443c-93ef-9d98b4554db1	GET	/posts	http://localhost:3000
20221201	21:10:28	5e1a5d92-6881-4ad0-9e30-50e67c89293a	GET	/uploads/benchakitti-park-bangkok-thailand-this-260nw-242866975.webp	undefined
20221201	21:10:28	3e4e84d4-1e6d-4f11-9919-61938a7d19c7	GET	/uploads/pc%20image.jpg	undefined
20221201	21:11:13	5ec71514-6edf-4f54-ae59-f6e9881777bf	POST	/posts/like/6388fbd71b846754689925c3	http://localhost:3000
20221201	21:12:55	5735ad30-d3d9-4283-88bb-cec42f872a54	GET	/auth/refresh	http://localhost:3000
20221201	21:12:55	62ed181e-d686-49fc-9958-6cd3938675f9	GET	/posts	http://localhost:3000
20221201	21:12:55	d6acb7f2-06a0-4cbf-8319-d9a15f78411e	GET	/uploads/benchakitti-park-bangkok-thailand-this-260nw-242866975.webp	undefined
20221201	21:12:55	4fafb446-94b7-4bf0-900c-f30f7743863f	GET	/uploads/pc%20image.jpg	undefined
20221201	21:12:59	52b2a9f8-cfbb-4263-9684-07876e9e53ec	POST	/posts/like/6388fbd71b846754689925c3	http://localhost:3000
20221201	21:13:38	bea029d2-20e8-4098-8b90-2c7368509035	GET	/auth/refresh	http://localhost:3000
20221201	21:13:38	fe3548f5-b876-4c8a-b583-c88aa1db9dee	GET	/posts	http://localhost:3000
20221201	21:13:38	ebfd046d-1066-490b-b672-48bfe678af5c	GET	/uploads/benchakitti-park-bangkok-thailand-this-260nw-242866975.webp	undefined
20221201	21:13:38	ea05e9b4-8049-4f07-9872-dcecea7c8887	GET	/uploads/pc%20image.jpg	undefined
20221201	21:13:41	ea3bf806-41da-4837-b990-34a0c6c93d44	POST	/posts/like/6388fbd71b846754689925c3	http://localhost:3000
20221201	21:14:17	7dd5117c-c8b6-465d-b0df-5b304bdccbc5	GET	/auth/refresh	http://localhost:3000
20221201	21:14:17	b132f2ad-dc68-4ce1-aec9-8aa68842ca0a	GET	/posts	http://localhost:3000
20221201	21:14:18	fd6d539c-02d8-4b6f-b52a-329afbcdc821	GET	/uploads/benchakitti-park-bangkok-thailand-this-260nw-242866975.webp	undefined
20221201	21:14:18	cb3d139e-2e10-4492-a0f1-498b7a2e60b6	GET	/uploads/pc%20image.jpg	undefined
20221201	21:14:19	d68316c0-7b45-4ef6-bb22-b7192f17d31c	POST	/posts/like/6388fbd71b846754689925c3	http://localhost:3000
20221201	21:14:32	4985acae-ee1d-4b9a-b6bf-767a3735f2ea	GET	/auth/refresh	http://localhost:3000
20221201	21:14:32	33281c9d-3c7b-4085-a5d7-2d30adc434b8	GET	/posts	http://localhost:3000
20221201	21:14:32	e3705c78-7a7f-4441-9d3c-09c53b27a0eb	GET	/uploads/benchakitti-park-bangkok-thailand-this-260nw-242866975.webp	undefined
20221201	21:14:32	23793379-24b2-4c8c-a1fe-4ea6ba95f046	GET	/uploads/pc%20image.jpg	undefined
20221201	21:14:34	c0f5fb4d-1e7f-483e-a5d0-112cbf52092d	POST	/posts/like/6388fbd71b846754689925c3	http://localhost:3000
20221201	21:14:58	392ab60a-4040-455a-b150-05e848e6ffe5	GET	/auth/refresh	http://localhost:3000
20221201	21:14:58	731e5026-c21e-42e1-9b60-13636e7491a7	GET	/posts	http://localhost:3000
20221201	21:14:58	8fd37374-16f8-4469-afef-4f5a3ccc3008	GET	/uploads/benchakitti-park-bangkok-thailand-this-260nw-242866975.webp	undefined
20221201	21:14:58	476d39f1-d85c-47aa-b053-23eb56e0f446	GET	/uploads/pc%20image.jpg	undefined
20221201	21:15:00	8fd8fcb5-e075-4e82-8626-83a7ce5527ec	POST	/posts/like/6388fbd71b846754689925c3	http://localhost:3000
20221201	21:15:37	9b875069-a295-4a89-8f49-e0221ea86081	GET	/auth/refresh	http://localhost:3000
20221201	21:15:37	d46646c0-534e-4862-ae07-adca47005687	GET	/posts	http://localhost:3000
20221201	21:15:37	964606c1-cb2e-4afa-8396-79a5ec13be93	GET	/uploads/benchakitti-park-bangkok-thailand-this-260nw-242866975.webp	undefined
20221201	21:15:37	b39b7b0f-5726-49f6-904c-5a8af4dc5605	GET	/uploads/pc%20image.jpg	undefined
20221201	21:16:00	0b69ba8e-a646-4f7b-80fa-a1f6c803d7d4	GET	/auth/refresh	http://localhost:3000
20221201	21:16:00	97cba60e-dda1-4f0e-b3ea-376565760c15	GET	/posts	http://localhost:3000
20221201	21:16:00	f8d0f8bb-fe77-4bf7-867b-cd9464465e5c	GET	/uploads/benchakitti-park-bangkok-thailand-this-260nw-242866975.webp	undefined
20221201	21:16:00	7e775198-b49c-48ec-8e5f-f0f6022d43bb	GET	/uploads/pc%20image.jpg	undefined
20221201	21:17:01	7ec79cbb-0c49-46a2-b860-fc4d5a158a6d	GET	/auth/refresh	http://localhost:3000
20221201	21:17:01	1fb5ed68-66a2-4fe7-a039-40bc508b984e	GET	/posts	http://localhost:3000
20221201	21:17:01	7d9c23f7-28c2-401c-b002-a1f26d29df12	GET	/uploads/benchakitti-park-bangkok-thailand-this-260nw-242866975.webp	undefined
20221201	21:17:01	e2bba960-741e-4e78-a264-4af98f17af2d	GET	/uploads/pc%20image.jpg	undefined
20221201	21:17:09	b4cb89e8-6864-4463-8e96-7f39a7a9fb13	POST	/posts/like/6388fbd71b846754689925c3	http://localhost:3000
20221201	21:17:16	95d48c7f-3518-487b-bb24-9b9f70c42c0a	POST	/posts/dislike/6388fbd71b846754689925c3	http://localhost:3000
20221201	21:18:54	a681c15d-a4e0-4e12-983b-09e0112d9791	POST	/posts/like/6388fbd71b846754689925c3	http://localhost:3000
20221201	21:19:15	f264e6d2-c519-4613-80ef-d0438834b16f	POST	/posts/dislike/6388fbd71b846754689925c3	http://localhost:3000
20221201	21:21:13	c9f97250-7cc2-4478-927d-8000a148f788	GET	/auth/refresh	http://localhost:3000
20221201	21:21:13	cbbef42b-49f5-4302-ac6c-0265b76bd4fb	GET	/posts	http://localhost:3000
20221201	21:21:14	9f800e26-b952-402f-9e8f-2d4ca0679234	GET	/uploads/benchakitti-park-bangkok-thailand-this-260nw-242866975.webp	undefined
20221201	21:21:14	c47ce97f-fb25-4636-b95c-4eec1139c78e	GET	/uploads/pc%20image.jpg	undefined
20221201	21:21:16	39cf8514-0fdb-40ea-8a2c-5fc14749031f	POST	/posts/like/6388fbd71b846754689925c3	http://localhost:3000
20221201	21:21:18	210ad154-2120-4e25-8cc7-eb72c45616bd	GET	/auth/refresh	http://localhost:3000
20221201	21:21:18	159b5ee2-086d-4b8d-864a-040a73f1f76f	GET	/posts	http://localhost:3000
20221201	21:21:19	b5aa06e2-bf2c-477b-8bd3-5b673b07b57e	GET	/uploads/benchakitti-park-bangkok-thailand-this-260nw-242866975.webp	undefined
20221201	21:21:19	ee94aecf-791c-459f-a138-878e709b459d	GET	/uploads/pc%20image.jpg	undefined
20221201	21:21:20	61a1c118-5334-4b17-9c9a-03e6b6ae2132	POST	/posts/dislike/6388fbd71b846754689925c3	http://localhost:3000
20221201	21:21:23	a28a9a63-d9c9-4776-a115-572f221df593	GET	/auth/refresh	http://localhost:3000
20221201	21:21:23	9721e3e8-cee2-4bd7-95eb-5e0dc863953d	GET	/posts	http://localhost:3000
20221201	21:21:23	8a077df3-51ce-41c4-a491-04059e52cc1e	GET	/uploads/benchakitti-park-bangkok-thailand-this-260nw-242866975.webp	undefined
20221201	21:21:23	9cb6a991-d9d2-4342-8127-1b5926bf50ae	GET	/uploads/pc%20image.jpg	undefined
20221201	21:21:26	f0964881-dc9a-4b40-a675-c9a8dcac46bc	POST	/posts/like/6388fbd71b846754689925c3	http://localhost:3000
20221201	21:21:27	f1e5f48e-0902-4dd9-a249-ed286d9a80f1	GET	/auth/refresh	http://localhost:3000
20221201	21:21:27	252700dd-f974-451c-800c-bee6d2cd62be	GET	/posts	http://localhost:3000
20221201	21:21:27	76d50764-8d21-45e5-a755-9e8ac699e3e9	GET	/uploads/benchakitti-park-bangkok-thailand-this-260nw-242866975.webp	undefined
20221201	21:21:27	eeb0e48b-4cbf-4da6-826a-95ffc03fbabc	GET	/uploads/pc%20image.jpg	undefined
20221201	21:21:45	4b31738b-42e8-4380-8073-16089392bf0c	POST	/posts/create	http://localhost:3000
20221201	21:21:45	4923cbee-3e62-4e9e-acf8-87e7b82033e1	GET	/posts/6388fec9fea0089ba34232a6	http://localhost:3000
20221201	21:21:47	fb121cc3-9bea-4b9a-bbcb-ff720ec8c8e6	GET	/uploads/benchakitti-park-bangkok-thailand-this-260nw-242866975.webp	undefined
20221201	21:21:47	4dd98bca-9639-4c1a-a91f-b8fde880435d	GET	/posts	http://localhost:3000
20221201	21:21:51	b2068fba-0644-4eee-8201-5b38f0a57cec	POST	/posts/like/6388fec9fea0089ba34232a6	http://localhost:3000
20221201	21:21:54	66a94c8c-58ed-49ca-877b-6c4d3f23c2cb	GET	/auth/refresh	http://localhost:3000
20221201	21:21:54	33358e59-befa-4614-a193-55ea892b792f	GET	/posts	http://localhost:3000
20221201	21:21:54	9481bc59-726e-49ad-836b-524a8e44cd4b	GET	/uploads/benchakitti-park-bangkok-thailand-this-260nw-242866975.webp	undefined
20221201	21:21:54	3bbbd848-8592-42cd-bee1-346481b715c8	GET	/uploads/pc%20image.jpg	undefined
20221201	21:21:57	ac4b00d4-5113-497e-87c0-0365a860568d	POST	/posts/dislike/6388fec9fea0089ba34232a6	http://localhost:3000
20221201	21:21:58	3b0330b6-7286-4273-a766-3fd8231635c6	GET	/auth/refresh	http://localhost:3000
20221201	21:21:58	e2978461-e5bd-49db-8365-1fa595fc7b71	GET	/posts	http://localhost:3000
20221201	21:21:59	93dd79aa-2eab-4cd5-adcf-a0669bbf9fdf	GET	/uploads/benchakitti-park-bangkok-thailand-this-260nw-242866975.webp	undefined
20221201	21:21:59	2383f6e8-6acd-4ae1-9800-7ecdca112aa5	GET	/uploads/pc%20image.jpg	undefined
20221201	21:23:17	8be25111-fd0b-498d-b26a-0db2837790b2	POST	/posts/like/6388fec9fea0089ba34232a6	http://localhost:3000
20221201	21:23:54	8dfe02d7-c3bf-451b-a18e-da23e408f855	POST	/posts/dislike/6388fec9fea0089ba34232a6	http://localhost:3000
20221201	21:24:49	639ec207-5320-419e-b01d-dd43b4e4bf5f	GET	/auth/refresh	http://localhost:3000
20221201	21:24:49	201e2657-d440-4056-adac-da0d98e1edd2	GET	/posts	http://localhost:3000
20221201	21:24:49	742c9812-b593-4872-9f07-8177cb2d70d2	GET	/uploads/benchakitti-park-bangkok-thailand-this-260nw-242866975.webp	undefined
20221201	21:24:49	b6f98135-f302-49a8-b297-a9827081bcf0	GET	/uploads/pc%20image.jpg	undefined
20221201	21:25:08	d812310e-e884-42a3-afe7-1a6321c1c733	GET	/auth/refresh	http://localhost:3000
20221201	21:25:08	6e3fb6e3-60eb-4eb7-bf7a-f8491d2ee96c	GET	/posts	http://localhost:3000
20221201	21:25:08	511e6134-229f-4bd8-9dbf-d0dfe73f69ba	GET	/uploads/benchakitti-park-bangkok-thailand-this-260nw-242866975.webp	undefined
20221201	21:25:09	e72c6e60-38a1-407a-adc5-b22b69544aac	GET	/uploads/pc%20image.jpg	undefined
20221201	21:27:36	44670d9c-77bb-403b-b654-a85da9092881	GET	/auth/refresh	http://localhost:3000
20221201	21:27:37	b4d9c666-3b31-432d-aec9-73a8f33864c2	GET	/posts	http://localhost:3000
20221201	21:27:37	930840b7-419f-47ae-922d-de5b1774eb35	GET	/uploads/pc%20image.jpg	undefined
20221201	21:27:45	b2f9221e-33dc-4f7a-8289-eff1476e8141	POST	/upload	http://localhost:3000
20221201	21:27:46	2924f215-bf7b-4a89-93a3-aaf2cb662f96	POST	/posts/create	http://localhost:3000
20221201	21:27:47	75643891-94f0-4886-ba86-04dfffa31da4	GET	/posts/638900328ef9a6cbb7a94eab	http://localhost:3000
20221201	21:27:49	2c40389f-c3aa-4033-9ed0-aa35d798a375	GET	/posts	http://localhost:3000
20221201	21:29:07	4fe9c8cf-8465-478d-a7c6-fa6c65853f2b	POST	/posts/like/638900328ef9a6cbb7a94eab	http://localhost:3000
20221201	21:29:15	c4184a28-b41a-4edf-888f-d3c29361dbfe	GET	/auth/refresh	http://localhost:3000
20221201	21:29:15	74ef637d-3b9a-4c81-af3c-bf9d92a0d79f	GET	/posts	http://localhost:3000
20221201	21:29:15	72e321e0-86f0-4884-851c-8f39557b7096	GET	/uploads/pc%20image.jpg	undefined
20221201	21:29:36	1ba62e75-b49f-4c74-86d6-0d8506eb4f71	POST	/posts/like/638900328ef9a6cbb7a94eab	http://localhost:3000
20221201	21:29:40	e0976d8a-a310-4d92-8575-93488e706475	GET	/auth/refresh	http://localhost:3000
20221201	21:29:40	93ca9376-fd37-46ef-94d8-1af10f12479e	GET	/posts	http://localhost:3000
20221201	21:29:40	77422ce3-80e1-4a4b-bafc-d2ca0b23f9e5	GET	/uploads/pc%20image.jpg	undefined
20221201	21:29:49	25ec02c1-fc51-4f62-9d1c-30c572238a8c	POST	/posts/dislike/638900328ef9a6cbb7a94eab	http://localhost:3000
20221201	21:29:52	8cc0a602-cbe6-49c9-ab9e-b9337d2e9fc8	GET	/auth/refresh	http://localhost:3000
20221201	21:29:52	04587520-9eab-4c14-b22c-dffc479a3748	GET	/posts	http://localhost:3000
20221201	21:29:52	08e3ee72-558a-442f-b9a1-c5499774a2c8	GET	/uploads/pc%20image.jpg	undefined
20221201	21:30:15	9c781620-f452-4094-bf1d-3da8f8c77378	POST	/posts/dislike/638900328ef9a6cbb7a94eab	http://localhost:3000
20221201	21:30:25	96578a8b-d540-4533-8590-5e07d20d600d	GET	/auth/refresh	http://localhost:3000
20221201	21:30:25	fb7720ab-c94d-42be-a759-e40ee030ef73	GET	/posts	http://localhost:3000
20221201	21:30:25	db8d779c-9766-4bce-94e1-2c5763aee6c9	GET	/uploads/pc%20image.jpg	undefined
20221201	21:32:14	20d01f81-8017-4137-b4b0-c9a0a1e8d68a	GET	/auth/refresh	http://localhost:3000
20221201	21:32:14	c61feb62-01aa-498d-ac59-292f9a859c08	GET	/posts	http://localhost:3000
20221201	21:32:14	a0dbbc1a-233e-4d8a-9470-9a78302d8c77	GET	/uploads/pc%20image.jpg	undefined
20221201	21:32:37	fd248d23-1bcf-4098-8bdd-c1e5f7b49ca7	POST	/posts/like/638900328ef9a6cbb7a94eab	http://localhost:3000
20221201	21:32:39	ed820faf-deb1-4859-aa55-ef6ed8efc447	POST	/posts/dislike/638900328ef9a6cbb7a94eab	http://localhost:3000
20221201	21:32:42	cb21f693-f392-40a6-8645-d3dd5e692667	GET	/auth/refresh	http://localhost:3000
20221201	21:32:42	c2a7165f-9d80-49f0-b418-bc39ff0c0213	GET	/posts	http://localhost:3000
20221201	21:32:42	aec43b02-dafe-4b91-baa4-12bad7305df7	GET	/uploads/pc%20image.jpg	undefined
20221201	21:32:45	99b5536d-1ff0-49c1-b989-b432f3fb67c1	POST	/posts/like/638900328ef9a6cbb7a94eab	http://localhost:3000
20221201	21:32:47	e8200df1-759c-4e09-8ef2-9eaa804b212b	GET	/auth/refresh	http://localhost:3000
20221201	21:32:47	fe73cc68-f487-455d-aa44-4c776aafec1b	GET	/posts	http://localhost:3000
20221201	21:32:47	d02dd080-8248-4100-943c-d0699624214a	GET	/uploads/pc%20image.jpg	undefined
20221201	21:33:06	46cdca17-48da-4516-95c5-37e9b4ff6a9b	POST	/posts/like/638900328ef9a6cbb7a94eab	http://localhost:3000
20221201	21:33:10	fc75c64d-4a5f-4a4b-b913-2fb906842db0	GET	/auth/refresh	http://localhost:3000
20221201	21:33:10	e8ea370a-2865-42e5-8601-07d780243cb6	GET	/posts	http://localhost:3000
20221201	21:33:10	9221307a-f7ff-4995-92a7-085de0c40dce	GET	/uploads/pc%20image.jpg	undefined
20221201	21:34:25	f514a7e4-9a52-4544-88e9-89052b2e154d	GET	/auth/refresh	http://localhost:3000
20221201	21:34:25	d7c4c6e3-1937-4020-bc16-560cd21f1459	GET	/posts	http://localhost:3000
20221201	21:34:25	cf84795e-4a4d-4c08-8719-935eaa77a518	GET	/uploads/pc%20image.jpg	undefined
20221201	21:37:38	b4af3372-3fef-4291-9672-0ae5775a28c3	GET	/auth/refresh	http://localhost:3000
20221201	21:37:38	1f9d8dfd-f5d8-4792-9964-9898b46645e2	GET	/posts	http://localhost:3000
20221201	21:37:38	cd8b7bcf-530b-4f65-92f9-18fc3c3dc603	GET	/uploads/pc%20image.jpg	undefined
20221201	21:38:30	69f4c08f-341e-4622-962e-cd3626e4e235	GET	/auth/refresh	http://localhost:3000
20221201	21:38:30	9b769fea-f5d4-49b2-b78b-55cd9b406ec5	GET	/posts	http://localhost:3000
20221201	21:38:31	54bf9bc5-ebcd-4102-aa58-d79111210c30	GET	/uploads/pc%20image.jpg	undefined
20221201	21:38:33	71cf9741-106b-40a1-a11a-96cda59160ce	GET	/auth/refresh	http://localhost:3000
20221201	21:38:33	059d378d-0e38-4510-ab17-a4439d08825a	GET	/posts	http://localhost:3000
20221201	21:38:33	5007c8b0-a1ec-4854-a0f0-1f964f27f599	GET	/uploads/pc%20image.jpg	undefined
20221201	21:38:59	5b9594dd-4c3d-4afb-b50c-8035231417b5	GET	/auth/refresh	http://localhost:3000
20221201	21:38:59	52d9c68c-416c-4088-a869-86f295dfb1fe	GET	/posts	http://localhost:3000
20221201	21:39:00	59e41d37-5c14-4c6c-861e-ad7afdb8e860	GET	/uploads/pc%20image.jpg	undefined
20221201	21:39:51	bf58ae9a-50cd-46f8-b32e-409bbc32c448	POST	/posts/dislike/638900328ef9a6cbb7a94eab	http://localhost:3000
20221201	21:39:56	b4c2cea8-cb6a-4fca-911e-a85970496dcb	GET	/auth/refresh	http://localhost:3000
20221201	21:39:56	8ee0c5ac-3a29-4032-bdcf-1e8615ad021f	GET	/posts	http://localhost:3000
20221201	21:39:56	7556c567-baf0-4927-a233-774f5ae9a1b2	GET	/uploads/pc%20image.jpg	undefined
20221201	21:40:01	859ed5b5-35f9-4fc6-904b-807702e0ebaa	GET	/auth/refresh	http://localhost:3000
20221201	21:40:01	baf6cae7-0c30-448c-ad86-f35f544c0cf4	GET	/posts	http://localhost:3000
20221201	21:40:02	7318ed63-b432-433c-b9fa-1935ce72a3ab	GET	/uploads/pc%20image.jpg	undefined
20221201	21:40:04	bbcc2a04-8655-405b-8b6f-21a961b31990	POST	/posts/like/638900328ef9a6cbb7a94eab	http://localhost:3000
20221201	21:40:06	d704af50-cd97-43a7-9d30-2b65d3bb0cee	GET	/auth/refresh	http://localhost:3000
20221201	21:40:06	658042d9-1217-400a-ba61-b9cdcd95198f	GET	/posts	http://localhost:3000
20221201	21:40:06	c4d2deba-bd5c-45f5-829b-e66e3386f4e0	GET	/uploads/pc%20image.jpg	undefined
20221201	21:40:07	0257e1ef-0dcb-4806-8a73-ec6855126047	POST	/posts/like/638900328ef9a6cbb7a94eab	http://localhost:3000
20221201	21:40:09	72eed86d-c3a2-41e3-84a7-9972ab2bceab	GET	/auth/refresh	http://localhost:3000
20221201	21:40:09	7a4bce40-9bb4-475d-aa59-e1607c7d3f8f	GET	/posts	http://localhost:3000
20221201	21:40:10	a47f5dd2-d710-4dbf-b8a5-2d5a54348e12	GET	/uploads/pc%20image.jpg	undefined
20221201	21:40:56	ccbb8cd2-521f-48a8-bc92-66952ff06fd4	GET	/auth/refresh	http://localhost:3000
20221201	21:40:56	dda5c716-6daa-4ba3-84a5-4f8296f7547c	GET	/posts	http://localhost:3000
20221201	21:40:56	fae83063-99ba-440b-9837-b0c063d51661	GET	/uploads/pc%20image.jpg	undefined
20221201	21:42:40	6fdb197e-1c4f-45f3-b6ea-11877a11ceff	GET	/auth/refresh	http://localhost:3000
20221201	21:42:40	2736ce0c-3501-48cf-ab4d-2ec2e0d6f0c4	GET	/posts	http://localhost:3000
20221201	21:42:40	47b6e6fa-2b0b-4fc7-8bab-c9453e9316a9	GET	/uploads/pc%20image.jpg	undefined
20221201	21:42:41	8007c4db-ff9b-4905-ba5a-56b9c6397013	POST	/posts/like/638900328ef9a6cbb7a94eab	http://localhost:3000
20221201	21:42:42	9c76526e-f8b1-4cb3-a3f7-009f9e9d84d7	POST	/posts/dislike/638900328ef9a6cbb7a94eab	http://localhost:3000
20221201	21:42:45	2b6881c1-8f66-4ee5-b10e-3bf381108d9a	GET	/auth/refresh	http://localhost:3000
20221201	21:42:45	069bece6-5cdd-4ca5-a2bc-11d0f6fabaa8	GET	/posts	http://localhost:3000
20221201	21:42:45	4383a9a3-c65b-4995-8384-458e01c09ef4	GET	/uploads/pc%20image.jpg	undefined
20221201	21:43:12	3bea9ade-b06a-4010-b028-24f5c2f31725	GET	/auth/refresh	http://localhost:3000
20221201	21:43:12	7879a1f1-114b-43d9-8465-745578c3f0b6	GET	/posts	http://localhost:3000
20221201	21:43:12	b822d6d2-947e-4b15-995b-799fabc809da	GET	/uploads/pc%20image.jpg	undefined
20221201	21:43:54	580e6c07-9714-4009-ab01-925133992109	POST	/posts/like/638900328ef9a6cbb7a94eab	http://localhost:3000
20221201	21:43:55	b5ad8f80-f1d8-441e-b705-3c3c5506ce85	POST	/posts/dislike/638900328ef9a6cbb7a94eab	http://localhost:3000
20221201	21:43:55	8f9212a0-2225-4129-8b68-2c315c3c9555	POST	/posts/like/638900328ef9a6cbb7a94eab	http://localhost:3000
20221201	21:43:58	72bc06fe-7ae7-4476-b1a4-38b4434fbc8f	GET	/auth/refresh	http://localhost:3000
20221201	21:43:58	5ea868d5-d04a-4194-9460-60eddf883e3b	GET	/posts	http://localhost:3000
20221201	21:43:58	1979fc65-8e3c-49e0-8e1c-b6ba134447ae	GET	/uploads/pc%20image.jpg	undefined
20221201	21:44:00	96add65b-ab64-4d24-89b8-690c1d7a3f71	POST	/posts/like/638900328ef9a6cbb7a94eab	http://localhost:3000
20221201	21:49:16	b3ce6023-d98e-4fbb-bff0-4a2d02f16263	GET	/auth/refresh	http://localhost:3000
20221201	21:49:16	427c8818-e81a-40f8-9e1b-e9fda8931311	GET	/posts	http://localhost:3000
20221201	21:49:16	1813c632-f454-4800-9c23-d73c54e626f5	GET	/uploads/pc%20image.jpg	undefined
20221201	21:49:46	09f7680f-51d7-4df0-8220-59cd7c57fef1	GET	/auth/refresh	http://localhost:3000
20221201	21:49:46	4f76f124-329f-4491-a8a4-b5bc49281296	GET	/posts	http://localhost:3000
20221201	21:49:46	6d0d9c16-a1c1-41d0-846d-fdd49b2ea9ad	GET	/uploads/pc%20image.jpg	undefined
